This is pdfTeX, Version 3.14159265-2.6-1.40.20 (TeX Live 2019) (preloaded format=pdflatex 2019.5.8)  20 AUG 2019 12:26
entering extended mode
 restricted \write18 enabled.
 %&-line parsing enabled.
**refman
(./refman.tex
LaTeX2e <2018-12-01>
(/usr/local/texlive/2019/texmf-dist/tex/latex/base/book.cls
Document Class: book 2018/09/03 v1.4i Standard LaTeX document class
(/usr/local/texlive/2019/texmf-dist/tex/latex/base/bk10.clo
File: bk10.clo 2018/09/03 v1.4i Standard LaTeX file (size option)
)
\c@part=\count80
\c@chapter=\count81
\c@section=\count82
\c@subsection=\count83
\c@subsubsection=\count84
\c@paragraph=\count85
\c@subparagraph=\count86
\c@figure=\count87
\c@table=\count88
\abovecaptionskip=\skip41
\belowcaptionskip=\skip42
\bibindent=\dimen102
)
(/usr/local/texlive/2019/texmf-dist/tex/latex/base/ifthen.sty
Package: ifthen 2014/09/29 v1.1c Standard LaTeX ifthen package (DPC)
)
(/usr/local/texlive/2019/texmf-dist/tex/latex/tools/array.sty
Rollback for package 'array' requested -> date 2016-10-06.
         Best approximation is the release introduced on 2016-10-06.

(/usr/local/texlive/2019/texmf-dist/tex/latex/tools/array-2016-10-06.sty
Package: array 2016/10/06 v2.4d Tabular extension package (FMi)
\col@sep=\dimen103
\extrarowheight=\dimen104
\NC@list=\toks14
\extratabsurround=\skip43
\backup@length=\skip44
))
(/usr/local/texlive/2019/texmf-dist/tex/latex/base/fixltx2e.sty
Package: fixltx2e 2016/12/29 v2.1a fixes to LaTeX (obsolete)
Applying: [2015/01/01] Old fixltx2e package on input line 46.


Package fixltx2e Warning: fixltx2e is not required with releases after 2015
(fixltx2e)                All fixes are now in the LaTeX kernel.
(fixltx2e)                See the latexrelease package for details.

Already applied: [0000/00/00] Old fixltx2e package on input line 53.
) (/usr/local/texlive/2019/texmf-dist/tex/latex/tools/calc.sty
Package: calc 2017/05/25 v4.3 Infix arithmetic (KKT,FJ)
\calc@Acount=\count89
\calc@Bcount=\count90
\calc@Adimen=\dimen105
\calc@Bdimen=\dimen106
\calc@Askip=\skip45
\calc@Bskip=\skip46
LaTeX Info: Redefining \setlength on input line 80.
LaTeX Info: Redefining \addtolength on input line 81.
\calc@Ccount=\count91
\calc@Cskip=\skip47
) (./doxygen.sty
Package: doxygen 

(/usr/local/texlive/2019/texmf-dist/tex/latex/base/alltt.sty
Package: alltt 1997/06/16 v2.0g defines alltt environment
)
(/usr/local/texlive/2019/texmf-dist/tex/latex/float/float.sty
Package: float 2001/11/08 v1.3d Float enhancements (AL)
\c@float@type=\count92
\float@exts=\toks15
\float@box=\box27
\@float@everytoks=\toks16
\@floatcapt=\box28
)
(/usr/local/texlive/2019/texmf-dist/tex/latex/tools/verbatim.sty
Package: verbatim 2014/10/28 v1.5q LaTeX2e package for verbatim enhancements
\every@verbatim=\toks17
\verbatim@line=\toks18
\verbatim@in@stream=\read1
)
(/usr/local/texlive/2019/texmf-dist/tex/latex/xcolor/xcolor.sty
Package: xcolor 2016/05/11 v2.12 LaTeX color extensions (UK)

(/usr/local/texlive/2019/texmf-dist/tex/latex/graphics-cfg/color.cfg
File: color.cfg 2016/01/02 v1.6 sample color configuration
)
Package xcolor Info: Driver file: pdftex.def on input line 225.

(/usr/local/texlive/2019/texmf-dist/tex/latex/graphics-def/pdftex.def
File: pdftex.def 2018/01/08 v1.0l Graphics/color driver for pdftex
)
(/usr/local/texlive/2019/texmf-dist/tex/latex/colortbl/colortbl.sty
Package: colortbl 2018/12/12 v1.0d Color table columns (DPC)
\everycr=\toks19
\minrowclearance=\skip48
)
\rownum=\count93
Package xcolor Info: Model `cmy' substituted by `cmy0' on input line 1348.
Package xcolor Info: Model `hsb' substituted by `rgb' on input line 1352.
Package xcolor Info: Model `RGB' extended on input line 1364.
Package xcolor Info: Model `HTML' substituted by `rgb' on input line 1366.
Package xcolor Info: Model `Hsb' substituted by `hsb' on input line 1367.
Package xcolor Info: Model `tHsb' substituted by `hsb' on input line 1368.
Package xcolor Info: Model `HSB' substituted by `hsb' on input line 1369.
Package xcolor Info: Model `Gray' substituted by `gray' on input line 1370.
Package xcolor Info: Model `wave' substituted by `hsb' on input line 1371.
)
(./longtable_doxygen.sty
Package: longtable_doxygen 2014/10/28 v4.11 Multi-page Table package (DPC) - fr
ozen version for doxygen
\LTleft=\skip49
\LTright=\skip50
\LTpre=\skip51
\LTpost=\skip52
\LTchunksize=\count94
\LTcapwidth=\dimen107
\LT@head=\box29
\LT@firsthead=\box30
\LT@foot=\box31
\LT@lastfoot=\box32
\LT@cols=\count95
\LT@rows=\count96
\c@LT@tables=\count97
\c@LT@chunks=\count98
\LT@p@ftn=\toks20
) (./tabu_doxygen.sty
Package: tabu_doxygen 2011/02/26 v2.8 - flexible LaTeX tabulars (FC), frozen ve
rsion for doxygen

(/usr/local/texlive/2019/texmf-dist/tex/latex/varwidth/varwidth.sty
Package: varwidth 2009/03/30 ver 0.92;  Variable-width minipages
\@vwid@box=\box33
\sift@deathcycles=\count99
\@vwid@loff=\dimen108
\@vwid@roff=\dimen109
)
\c@taburow=\count100
\tabu@nbcols=\count101
\tabu@cnt=\count102
\tabu@Xcol=\count103
\tabu@alloc=\count104
\tabu@nested=\count105
\tabu@target=\dimen110
\tabu@spreadtarget=\dimen111
\tabu@naturalX=\dimen112
\tabucolX=\dimen113
\tabu@Xsum=\dimen114
\extrarowdepth=\dimen115
\abovetabulinesep=\dimen116
\belowtabulinesep=\dimen117
\tabustrutrule=\dimen118
\tabu@thebody=\toks21
\tabu@footnotes=\toks22
\tabu@box=\box34
\tabu@arstrutbox=\box35
\tabu@hleads=\box36
\tabu@vleads=\box37
\tabu@cellskip=\skip53
)
(/usr/local/texlive/2019/texmf-dist/tex/latex/fancyvrb/fancyvrb.sty
Package: fancyvrb 2019/01/15

Style option: `fancyvrb' v3.2a <2019/01/15> (tvz)
(/usr/local/texlive/2019/texmf-dist/tex/latex/graphics/keyval.sty
Package: keyval 2014/10/28 v1.15 key=value parser (DPC)
\KV@toks@=\toks23
)
\FV@CodeLineNo=\count106
\FV@InFile=\read2
\FV@TabBox=\box38
\c@FancyVerbLine=\count107
\FV@StepNumber=\count108
\FV@OutFile=\write3
)
(/usr/local/texlive/2019/texmf-dist/tex/latex/tools/tabularx.sty
Package: tabularx 2016/02/03 v2.11b `tabularx' package (DPC)
\TX@col@width=\dimen119
\TX@old@table=\dimen120
\TX@old@col=\dimen121
\TX@target=\dimen122
\TX@delta=\dimen123
\TX@cols=\count109
\TX@ftn=\toks24
)
(/usr/local/texlive/2019/texmf-dist/tex/latex/multirow/multirow.sty
Package: multirow 2019/01/01 v2.4 Span multiple rows of a table
\multirow@colwidth=\skip54
\multirow@cntb=\count110
\multirow@dima=\skip55
\bigstrutjot=\dimen124
)
(/usr/local/texlive/2019/texmf-dist/tex/latex/hanging/hanging.sty
Package: hanging 2009/09/02 v1.2b hanging paragraphs and punctuation
\h@ngcommawd=\skip56
\h@ngfstopwd=\skip57
\h@ngquotewd=\skip58
\h@ngdquotewd=\skip59
\h@ngquerywd=\skip60
\h@ngexclwd=\skip61
\h@ngcolonwd=\skip62
\h@ngscolonwd=\skip63
)
(/usr/local/texlive/2019/texmf-dist/tex/generic/oberdiek/ifpdf.sty
Package: ifpdf 2018/09/07 v3.3 Provides the ifpdf switch
)
(/usr/local/texlive/2019/texmf-dist/tex/latex/adjustbox/adjustbox.sty
Package: adjustbox 2019/01/04 v1.2 Adjusting TeX boxes (trim, clip, ...)

(/usr/local/texlive/2019/texmf-dist/tex/latex/xkeyval/xkeyval.sty
Package: xkeyval 2014/12/03 v2.7a package option processing (HA)

(/usr/local/texlive/2019/texmf-dist/tex/generic/xkeyval/xkeyval.tex
(/usr/local/texlive/2019/texmf-dist/tex/generic/xkeyval/xkvutils.tex
\XKV@toks=\toks25
\XKV@tempa@toks=\toks26
)
\XKV@depth=\count111
File: xkeyval.tex 2014/12/03 v2.7a key=value parser (HA)
))
(/usr/local/texlive/2019/texmf-dist/tex/latex/adjustbox/adjcalc.sty
Package: adjcalc 2012/05/16 v1.1 Provides advanced setlength with multiple back
-ends (calc, etex, pgfmath)
)
(/usr/local/texlive/2019/texmf-dist/tex/latex/adjustbox/trimclip.sty
Package: trimclip 2018/04/08 v1.1 Trim and clip general TeX material

(/usr/local/texlive/2019/texmf-dist/tex/latex/graphics/graphicx.sty
Package: graphicx 2017/06/01 v1.1a Enhanced LaTeX Graphics (DPC,SPQR)

(/usr/local/texlive/2019/texmf-dist/tex/latex/graphics/graphics.sty
Package: graphics 2017/06/25 v1.2c Standard LaTeX Graphics (DPC,SPQR)

(/usr/local/texlive/2019/texmf-dist/tex/latex/graphics/trig.sty
Package: trig 2016/01/03 v1.10 sin cos tan (DPC)
)
(/usr/local/texlive/2019/texmf-dist/tex/latex/graphics-cfg/graphics.cfg
File: graphics.cfg 2016/06/04 v1.11 sample graphics configuration
)
Package graphics Info: Driver file: pdftex.def on input line 99.
)
\Gin@req@height=\dimen125
\Gin@req@width=\dimen126
)
(/usr/local/texlive/2019/texmf-dist/tex/latex/collectbox/collectbox.sty
Package: collectbox 2012/05/17 v0.4b Collect macro arguments as boxes
\collectedbox=\box39
)
\tc@llx=\dimen127
\tc@lly=\dimen128
\tc@urx=\dimen129
\tc@ury=\dimen130
Package trimclip Info: Using driver 'tc-pdftex.def'.

(/usr/local/texlive/2019/texmf-dist/tex/latex/adjustbox/tc-pdftex.def
File: tc-pdftex.def 2019/01/04 v2.2 Clipping driver for pdftex
))
\adjbox@Width=\dimen131
\adjbox@Height=\dimen132
\adjbox@Depth=\dimen133
\adjbox@Totalheight=\dimen134
\adjbox@pwidth=\dimen135
\adjbox@pheight=\dimen136
\adjbox@pdepth=\dimen137
\adjbox@ptotalheight=\dimen138

(/usr/local/texlive/2019/texmf-dist/tex/latex/ifoddpage/ifoddpage.sty
Package: ifoddpage 2016/04/23 v1.1 Conditionals for odd/even page detection
\c@checkoddpage=\count112
))
(/usr/local/texlive/2019/texmf-dist/tex/latex/amsfonts/amssymb.sty
Package: amssymb 2013/01/14 v3.01 AMS font symbols

(/usr/local/texlive/2019/texmf-dist/tex/latex/amsfonts/amsfonts.sty
Package: amsfonts 2013/01/14 v3.01 Basic AMSFonts support
\@emptytoks=\toks27
\symAMSa=\mathgroup4
\symAMSb=\mathgroup5
LaTeX Font Info:    Overwriting math alphabet `\mathfrak' in version `bold'
(Font)                  U/euf/m/n --> U/euf/b/n on input line 106.
))
(/usr/local/texlive/2019/texmf-dist/tex/latex/stackengine/stackengine.sty
Package: stackengine 2017/02/13 v4.01\ Stacking text and objects in convenient 
ways

(/usr/local/texlive/2019/texmf-dist/tex/latex/etoolbox/etoolbox.sty
Package: etoolbox 2018/08/19 v2.5f e-TeX tools for LaTeX (JAW)
\etb@tempcnta=\count113
)
(/usr/local/texlive/2019/texmf-dist/tex/generic/listofitems/listofitems.sty
(/usr/local/texlive/2019/texmf-dist/tex/generic/listofitems/listofitems.tex
\loi_cnt_foreach_nest=\count114
\loi_nestcnt=\count115
)
Package: listofitems 2019/03/03 v1.61 Grab items in lists using user-specified 
sep char (CT)
)
\c@@stackindex=\count116
\@boxshift=\skip64
\stack@tmplength=\skip65
\temp@stkl=\skip66
\@stackedboxwidth=\skip67
\@addedbox=\box40
\@anchorbox=\box41
\stackedbox=\box42
\@centerbox=\box43
\c@ROWcellindex@=\count117
)
(/usr/local/texlive/2019/texmf-dist/tex/generic/ulem/ulem.sty
\UL@box=\box44
\UL@hyphenbox=\box45
\UL@skip=\skip68
\UL@hook=\toks28
\UL@height=\dimen139
\UL@pe=\count118
\UL@pixel=\dimen140
\ULC@box=\box46
Package: ulem 2012/05/18
\ULdepth=\dimen141
)
\xrefbox=\box47
\xreflength=\skip69
\CodeWidthChar=\skip70
\CodeHeightChar=\skip71
\DoxyCodeWidth=\skip72
)
(/usr/local/texlive/2019/texmf-dist/tex/latex/base/inputenc.sty
Package: inputenc 2018/08/11 v1.3c Input encoding file
\inpenc@prehook=\toks29
\inpenc@posthook=\toks30
)
(/usr/local/texlive/2019/texmf-dist/tex/latex/base/makeidx.sty
Package: makeidx 2014/09/29 v1.0m Standard LaTeX package
)
(/usr/local/texlive/2019/texmf-dist/tex/latex/tools/multicol.sty
Package: multicol 2018/12/27 v1.8v multicolumn formatting (FMi)
\c@tracingmulticols=\count119
\mult@box=\box48
\multicol@leftmargin=\dimen142
\c@unbalance=\count120
\c@collectmore=\count121
\doublecol@number=\count122
\multicoltolerance=\count123
\multicolpretolerance=\count124
\full@width=\dimen143
\page@free=\dimen144
\premulticols=\dimen145
\postmulticols=\dimen146
\multicolsep=\skip73
\multicolbaselineskip=\skip74
\partial@page=\box49
\last@line=\box50
\maxbalancingoverflow=\dimen147
\mult@rightbox=\box51
\mult@grightbox=\box52
\mult@gfirstbox=\box53
\mult@firstbox=\box54
\@tempa=\box55
\@tempa=\box56
\@tempa=\box57
\@tempa=\box58
\@tempa=\box59
\@tempa=\box60
\@tempa=\box61
\@tempa=\box62
\@tempa=\box63
\@tempa=\box64
\@tempa=\box65
\@tempa=\box66
\@tempa=\box67
\@tempa=\box68
\@tempa=\box69
\@tempa=\box70
\@tempa=\box71
\c@columnbadness=\count125
\c@finalcolumnbadness=\count126
\last@try=\dimen148
\multicolovershoot=\dimen149
\multicolundershoot=\dimen150
\mult@nat@firstbox=\box72
\colbreak@box=\box73
\mc@col@check@num=\count127
)
(/usr/local/texlive/2019/texmf-dist/tex/latex/base/textcomp.sty
Package: textcomp 2018/08/11 v2.0j Standard LaTeX package
Package textcomp Info: Sub-encoding information:
(textcomp)               5 = only ISO-Adobe without \textcurrency
(textcomp)               4 = 5 + \texteuro
(textcomp)               3 = 4 + \textohm
(textcomp)               2 = 3 + \textestimated + \textcurrency
(textcomp)               1 = TS1 - \textcircled - \t
(textcomp)               0 = TS1 (full)
(textcomp)             Font families with sub-encoding setting implement
(textcomp)             only a restricted character set as indicated.
(textcomp)             Family '?' is the default used for unknown fonts.
(textcomp)             See the documentation for details.
Package textcomp Info: Setting ? sub-encoding to TS1/1 on input line 79.

(/usr/local/texlive/2019/texmf-dist/tex/latex/base/ts1enc.def
File: ts1enc.def 2001/06/05 v3.0e (jk/car/fm) Standard LaTeX file
Now handling font encoding TS1 ...
... processing UTF-8 mapping file for font encoding TS1

(/usr/local/texlive/2019/texmf-dist/tex/latex/base/ts1enc.dfu
File: ts1enc.dfu 2018/10/05 v1.2f UTF-8 support for inputenc
   defining Unicode char U+00A2 (decimal 162)
   defining Unicode char U+00A3 (decimal 163)
   defining Unicode char U+00A4 (decimal 164)
   defining Unicode char U+00A5 (decimal 165)
   defining Unicode char U+00A6 (decimal 166)
   defining Unicode char U+00A7 (decimal 167)
   defining Unicode char U+00A8 (decimal 168)
   defining Unicode char U+00A9 (decimal 169)
   defining Unicode char U+00AA (decimal 170)
   defining Unicode char U+00AC (decimal 172)
   defining Unicode char U+00AE (decimal 174)
   defining Unicode char U+00AF (decimal 175)
   defining Unicode char U+00B0 (decimal 176)
   defining Unicode char U+00B1 (decimal 177)
   defining Unicode char U+00B2 (decimal 178)
   defining Unicode char U+00B3 (decimal 179)
   defining Unicode char U+00B4 (decimal 180)
   defining Unicode char U+00B5 (decimal 181)
   defining Unicode char U+00B6 (decimal 182)
   defining Unicode char U+00B7 (decimal 183)
   defining Unicode char U+00B9 (decimal 185)
   defining Unicode char U+00BA (decimal 186)
   defining Unicode char U+00BC (decimal 188)
   defining Unicode char U+00BD (decimal 189)
   defining Unicode char U+00BE (decimal 190)
   defining Unicode char U+00D7 (decimal 215)
   defining Unicode char U+00F7 (decimal 247)
   defining Unicode char U+0192 (decimal 402)
   defining Unicode char U+02C7 (decimal 711)
   defining Unicode char U+02D8 (decimal 728)
   defining Unicode char U+02DD (decimal 733)
   defining Unicode char U+0E3F (decimal 3647)
   defining Unicode char U+2016 (decimal 8214)
   defining Unicode char U+2020 (decimal 8224)
   defining Unicode char U+2021 (decimal 8225)
   defining Unicode char U+2022 (decimal 8226)
   defining Unicode char U+2030 (decimal 8240)
   defining Unicode char U+2031 (decimal 8241)
   defining Unicode char U+203B (decimal 8251)
   defining Unicode char U+203D (decimal 8253)
   defining Unicode char U+2044 (decimal 8260)
   defining Unicode char U+204E (decimal 8270)
   defining Unicode char U+2052 (decimal 8274)
   defining Unicode char U+20A1 (decimal 8353)
   defining Unicode char U+20A4 (decimal 8356)
   defining Unicode char U+20A6 (decimal 8358)
   defining Unicode char U+20A9 (decimal 8361)
   defining Unicode char U+20AB (decimal 8363)
   defining Unicode char U+20AC (decimal 8364)
   defining Unicode char U+20B1 (decimal 8369)
   defining Unicode char U+2103 (decimal 8451)
   defining Unicode char U+2116 (decimal 8470)
   defining Unicode char U+2117 (decimal 8471)
   defining Unicode char U+211E (decimal 8478)
   defining Unicode char U+2120 (decimal 8480)
   defining Unicode char U+2122 (decimal 8482)
   defining Unicode char U+2126 (decimal 8486)
   defining Unicode char U+2127 (decimal 8487)
   defining Unicode char U+212E (decimal 8494)
   defining Unicode char U+2190 (decimal 8592)
   defining Unicode char U+2191 (decimal 8593)
   defining Unicode char U+2192 (decimal 8594)
   defining Unicode char U+2193 (decimal 8595)
   defining Unicode char U+2329 (decimal 9001)
   defining Unicode char U+232A (decimal 9002)
   defining Unicode char U+2422 (decimal 9250)
   defining Unicode char U+25E6 (decimal 9702)
   defining Unicode char U+25EF (decimal 9711)
   defining Unicode char U+266A (decimal 9834)
   defining Unicode char U+FEFF (decimal 65279)
))
LaTeX Info: Redefining \oldstylenums on input line 334.
Package textcomp Info: Setting cmr sub-encoding to TS1/0 on input line 349.
Package textcomp Info: Setting cmss sub-encoding to TS1/0 on input line 350.
Package textcomp Info: Setting cmtt sub-encoding to TS1/0 on input line 351.
Package textcomp Info: Setting cmvtt sub-encoding to TS1/0 on input line 352.
Package textcomp Info: Setting cmbr sub-encoding to TS1/0 on input line 353.
Package textcomp Info: Setting cmtl sub-encoding to TS1/0 on input line 354.
Package textcomp Info: Setting ccr sub-encoding to TS1/0 on input line 355.
Package textcomp Info: Setting ptm sub-encoding to TS1/4 on input line 356.
Package textcomp Info: Setting pcr sub-encoding to TS1/4 on input line 357.
Package textcomp Info: Setting phv sub-encoding to TS1/4 on input line 358.
Package textcomp Info: Setting ppl sub-encoding to TS1/3 on input line 359.
Package textcomp Info: Setting pag sub-encoding to TS1/4 on input line 360.
Package textcomp Info: Setting pbk sub-encoding to TS1/4 on input line 361.
Package textcomp Info: Setting pnc sub-encoding to TS1/4 on input line 362.
Package textcomp Info: Setting pzc sub-encoding to TS1/4 on input line 363.
Package textcomp Info: Setting bch sub-encoding to TS1/4 on input line 364.
Package textcomp Info: Setting put sub-encoding to TS1/5 on input line 365.
Package textcomp Info: Setting uag sub-encoding to TS1/5 on input line 366.
Package textcomp Info: Setting ugq sub-encoding to TS1/5 on input line 367.
Package textcomp Info: Setting ul8 sub-encoding to TS1/4 on input line 368.
Package textcomp Info: Setting ul9 sub-encoding to TS1/4 on input line 369.
Package textcomp Info: Setting augie sub-encoding to TS1/5 on input line 370.
Package textcomp Info: Setting dayrom sub-encoding to TS1/3 on input line 371.
Package textcomp Info: Setting dayroms sub-encoding to TS1/3 on input line 372.

Package textcomp Info: Setting pxr sub-encoding to TS1/0 on input line 373.
Package textcomp Info: Setting pxss sub-encoding to TS1/0 on input line 374.
Package textcomp Info: Setting pxtt sub-encoding to TS1/0 on input line 375.
Package textcomp Info: Setting txr sub-encoding to TS1/0 on input line 376.
Package textcomp Info: Setting txss sub-encoding to TS1/0 on input line 377.
Package textcomp Info: Setting txtt sub-encoding to TS1/0 on input line 378.
Package textcomp Info: Setting lmr sub-encoding to TS1/0 on input line 379.
Package textcomp Info: Setting lmdh sub-encoding to TS1/0 on input line 380.
Package textcomp Info: Setting lmss sub-encoding to TS1/0 on input line 381.
Package textcomp Info: Setting lmssq sub-encoding to TS1/0 on input line 382.
Package textcomp Info: Setting lmvtt sub-encoding to TS1/0 on input line 383.
Package textcomp Info: Setting lmtt sub-encoding to TS1/0 on input line 384.
Package textcomp Info: Setting qhv sub-encoding to TS1/0 on input line 385.
Package textcomp Info: Setting qag sub-encoding to TS1/0 on input line 386.
Package textcomp Info: Setting qbk sub-encoding to TS1/0 on input line 387.
Package textcomp Info: Setting qcr sub-encoding to TS1/0 on input line 388.
Package textcomp Info: Setting qcs sub-encoding to TS1/0 on input line 389.
Package textcomp Info: Setting qpl sub-encoding to TS1/0 on input line 390.
Package textcomp Info: Setting qtm sub-encoding to TS1/0 on input line 391.
Package textcomp Info: Setting qzc sub-encoding to TS1/0 on input line 392.
Package textcomp Info: Setting qhvc sub-encoding to TS1/0 on input line 393.
Package textcomp Info: Setting futs sub-encoding to TS1/4 on input line 394.
Package textcomp Info: Setting futx sub-encoding to TS1/4 on input line 395.
Package textcomp Info: Setting futj sub-encoding to TS1/4 on input line 396.
Package textcomp Info: Setting hlh sub-encoding to TS1/3 on input line 397.
Package textcomp Info: Setting hls sub-encoding to TS1/3 on input line 398.
Package textcomp Info: Setting hlst sub-encoding to TS1/3 on input line 399.
Package textcomp Info: Setting hlct sub-encoding to TS1/5 on input line 400.
Package textcomp Info: Setting hlx sub-encoding to TS1/5 on input line 401.
Package textcomp Info: Setting hlce sub-encoding to TS1/5 on input line 402.
Package textcomp Info: Setting hlcn sub-encoding to TS1/5 on input line 403.
Package textcomp Info: Setting hlcw sub-encoding to TS1/5 on input line 404.
Package textcomp Info: Setting hlcf sub-encoding to TS1/5 on input line 405.
Package textcomp Info: Setting pplx sub-encoding to TS1/3 on input line 406.
Package textcomp Info: Setting pplj sub-encoding to TS1/3 on input line 407.
Package textcomp Info: Setting ptmx sub-encoding to TS1/4 on input line 408.
Package textcomp Info: Setting ptmj sub-encoding to TS1/4 on input line 409.
)
(/usr/local/texlive/2019/texmf-dist/tex/latex/wasysym/wasysym.sty
Package: wasysym 2003/10/30 v2.0 Wasy-2 symbol support package
\symwasy=\mathgroup6
LaTeX Font Info:    Overwriting symbol font `wasy' in version `bold'
(Font)                  U/wasy/m/n --> U/wasy/b/n on input line 90.
)
(/usr/local/texlive/2019/texmf-dist/tex/generic/ifxetex/ifxetex.sty
Package: ifxetex 2010/09/12 v0.6 Provides ifxetex conditional
)
(/usr/local/texlive/2019/texmf-dist/tex/latex/base/fontenc.sty
Package: fontenc 2018/08/11 v2.0j Standard LaTeX package

(/usr/local/texlive/2019/texmf-dist/tex/latex/base/t1enc.def
File: t1enc.def 2018/08/11 v2.0j Standard LaTeX file
LaTeX Font Info:    Redeclaring font encoding T1 on input line 48.
))
(/usr/local/texlive/2019/texmf-dist/tex/latex/psnfss/helvet.sty
Package: helvet 2005/04/12 PSNFSS-v9.2a (WaS) 
)
(/usr/local/texlive/2019/texmf-dist/tex/latex/psnfss/courier.sty
Package: courier 2005/04/12 PSNFSS-v9.2a (WaS) 
)
(/usr/local/texlive/2019/texmf-dist/tex/latex/sectsty/sectsty.sty
Package: sectsty 2002/02/25 v2.0.2 Commands to change all sectional heading sty
les
)
(/usr/local/texlive/2019/texmf-dist/tex/latex/geometry/geometry.sty
Package: geometry 2018/04/16 v5.8 Page Geometry

(/usr/local/texlive/2019/texmf-dist/tex/generic/oberdiek/ifvtex.sty
Package: ifvtex 2016/05/16 v1.6 Detect VTeX and its facilities (HO)
Package ifvtex Info: VTeX not detected.
)
\Gm@cnth=\count128
\Gm@cntv=\count129
\c@Gm@tempcnt=\count130
\Gm@bindingoffset=\dimen151
\Gm@wd@mp=\dimen152
\Gm@odd@mp=\dimen153
\Gm@even@mp=\dimen154
\Gm@layoutwidth=\dimen155
\Gm@layoutheight=\dimen156
\Gm@layouthoffset=\dimen157
\Gm@layoutvoffset=\dimen158
\Gm@dimlist=\toks31
)
(/usr/local/texlive/2019/texmf-dist/tex/latex/fancyhdr/fancyhdr.sty
Package: fancyhdr 2019/01/31 v3.10 Extensive control of page headers and footer
s
\f@nch@headwidth=\skip75
\f@nch@O@elh=\skip76
\f@nch@O@erh=\skip77
\f@nch@O@olh=\skip78
\f@nch@O@orh=\skip79
\f@nch@O@elf=\skip80
\f@nch@O@erf=\skip81
\f@nch@O@olf=\skip82
\f@nch@O@orf=\skip83
)
(/usr/local/texlive/2019/texmf-dist/tex/latex/natbib/natbib.sty
Package: natbib 2010/09/13 8.31b (PWD, AO)
\bibhang=\skip84
\bibsep=\skip85
LaTeX Info: Redefining \cite on input line 694.
\c@NAT@ctr=\count131
)
(/usr/local/texlive/2019/texmf-dist/tex/latex/tocloft/tocloft.sty
Package: tocloft 2017/08/31 v2.3i parameterised ToC, etc., typesetting
Package tocloft Info: The document has chapter divisions on input line 51.
\cftparskip=\skip86
\cftbeforetoctitleskip=\skip87
\cftaftertoctitleskip=\skip88
\cftbeforepartskip=\skip89
\cftpartnumwidth=\skip90
\cftpartindent=\skip91
\cftbeforechapskip=\skip92
\cftchapindent=\skip93
\cftchapnumwidth=\skip94
\cftbeforesecskip=\skip95
\cftsecindent=\skip96
\cftsecnumwidth=\skip97
\cftbeforesubsecskip=\skip98
\cftsubsecindent=\skip99
\cftsubsecnumwidth=\skip100
\cftbeforesubsubsecskip=\skip101
\cftsubsubsecindent=\skip102
\cftsubsubsecnumwidth=\skip103
\cftbeforeparaskip=\skip104
\cftparaindent=\skip105
\cftparanumwidth=\skip106
\cftbeforesubparaskip=\skip107
\cftsubparaindent=\skip108
\cftsubparanumwidth=\skip109
\cftbeforeloftitleskip=\skip110
\cftafterloftitleskip=\skip111
\cftbeforefigskip=\skip112
\cftfigindent=\skip113
\cftfignumwidth=\skip114
\c@lofdepth=\count132
\c@lotdepth=\count133
\cftbeforelottitleskip=\skip115
\cftafterlottitleskip=\skip116
\cftbeforetabskip=\skip117
\cfttabindent=\skip118
\cfttabnumwidth=\skip119
)
\@indexfile=\write4
\openout4 = `refman.idx'.


Writing index file refman.idx

(/usr/local/texlive/2019/texmf-dist/tex/latex/newunicodechar/newunicodechar.sty
Package: newunicodechar 2018/04/08 v1.2 Defining Unicode characters
)

Package newunicodechar Warning: Redefining Unicode character on input line 112.



Package newunicodechar Warning: Redefining Unicode character on input line 113.


(/usr/local/texlive/2019/texmf-dist/tex/latex/hyperref/hyperref.sty
Package: hyperref 2018/11/30 v6.88e Hypertext links for LaTeX

(/usr/local/texlive/2019/texmf-dist/tex/generic/oberdiek/hobsub-hyperref.sty
Package: hobsub-hyperref 2016/05/16 v1.14 Bundle oberdiek, subset hyperref (HO)


(/usr/local/texlive/2019/texmf-dist/tex/generic/oberdiek/hobsub-generic.sty
Package: hobsub-generic 2016/05/16 v1.14 Bundle oberdiek, subset generic (HO)
Package: hobsub 2016/05/16 v1.14 Construct package bundles (HO)
Package: infwarerr 2016/05/16 v1.4 Providing info/warning/error messages (HO)
Package: ltxcmds 2016/05/16 v1.23 LaTeX kernel commands for general use (HO)
Package: ifluatex 2016/05/16 v1.4 Provides the ifluatex switch (HO)
Package ifluatex Info: LuaTeX not detected.
Package hobsub Info: Skipping package `ifvtex' (already loaded).
Package: intcalc 2016/05/16 v1.2 Expandable calculations with integers (HO)
Package hobsub Info: Skipping package `ifpdf' (already loaded).
Package: etexcmds 2016/05/16 v1.6 Avoid name clashes with e-TeX commands (HO)
Package: kvsetkeys 2016/05/16 v1.17 Key value parser (HO)
Package: kvdefinekeys 2016/05/16 v1.4 Define keys (HO)
Package: pdftexcmds 2018/09/10 v0.29 Utility functions of pdfTeX for LuaTeX (HO
)
Package pdftexcmds Info: LuaTeX not detected.
Package pdftexcmds Info: \pdf@primitive is available.
Package pdftexcmds Info: \pdf@ifprimitive is available.
Package pdftexcmds Info: \pdfdraftmode found.
Package: pdfescape 2016/05/16 v1.14 Implements pdfTeX's escape features (HO)
Package: bigintcalc 2016/05/16 v1.4 Expandable calculations on big integers (HO
)
Package: bitset 2016/05/16 v1.2 Handle bit-vector datatype (HO)
Package: uniquecounter 2016/05/16 v1.3 Provide unlimited unique counter (HO)
)
Package hobsub Info: Skipping package `hobsub' (already loaded).
Package: letltxmacro 2016/05/16 v1.5 Let assignment for LaTeX macros (HO)
Package: hopatch 2016/05/16 v1.3 Wrapper for package hooks (HO)
Package: xcolor-patch 2016/05/16 xcolor patch
Package: atveryend 2016/05/16 v1.9 Hooks at the very end of document (HO)
Package: atbegshi 2016/06/09 v1.18 At begin shipout hook (HO)
Package: refcount 2016/05/16 v3.5 Data extraction from label references (HO)
Package: hycolor 2016/05/16 v1.8 Color options for hyperref/bookmark (HO)
)
(/usr/local/texlive/2019/texmf-dist/tex/latex/oberdiek/auxhook.sty
Package: auxhook 2016/05/16 v1.4 Hooks for auxiliary files (HO)
)
(/usr/local/texlive/2019/texmf-dist/tex/latex/oberdiek/kvoptions.sty
Package: kvoptions 2016/05/16 v3.12 Key value format for package options (HO)
)
\@linkdim=\dimen159
\Hy@linkcounter=\count134
\Hy@pagecounter=\count135

(/usr/local/texlive/2019/texmf-dist/tex/latex/hyperref/pd1enc.def
File: pd1enc.def 2018/11/30 v6.88e Hyperref: PDFDocEncoding definition (HO)
Now handling font encoding PD1 ...
... no UTF-8 mapping file for font encoding PD1
)
\Hy@SavedSpaceFactor=\count136

(/usr/local/texlive/2019/texmf-dist/tex/latex/latexconfig/hyperref.cfg
File: hyperref.cfg 2002/06/06 v1.2 hyperref configuration of TeXLive
)
Package hyperref Info: Hyper figures OFF on input line 4519.
Package hyperref Info: Link nesting OFF on input line 4524.
Package hyperref Info: Hyper index ON on input line 4527.
Package hyperref Info: Plain pages OFF on input line 4534.
Package hyperref Info: Backreferencing ON on input line 4537.
Package hyperref Info: Implicit mode ON; LaTeX internals redefined.
Package hyperref Info: Bookmarks ON on input line 4772.

(/usr/local/texlive/2019/texmf-dist/tex/latex/hyperref/backref.sty
Package: backref 2016/05/21 v1.39 Bibliographical back referencing

(/usr/local/texlive/2019/texmf-dist/tex/latex/oberdiek/rerunfilecheck.sty
Package: rerunfilecheck 2016/05/16 v1.8 Rerun checks for auxiliary files (HO)
Package uniquecounter Info: New unique counter `rerunfilecheck' on input line 2
82.
))
\c@Hy@tempcnt=\count137

(/usr/local/texlive/2019/texmf-dist/tex/latex/url/url.sty
\Urlmuskip=\muskip10
Package: url 2013/09/16  ver 3.4  Verb mode for urls, etc.
)
LaTeX Info: Redefining \url on input line 5125.
\XeTeXLinkMargin=\dimen160
\Fld@menulength=\count138
\Field@Width=\dimen161
\Fld@charsize=\dimen162
Package hyperref Info: Hyper figures OFF on input line 6380.
Package hyperref Info: Link nesting OFF on input line 6385.
Package hyperref Info: Hyper index ON on input line 6388.
Package hyperref Info: backreferencing ON on input line 6393.
Package hyperref Info: Link coloring OFF on input line 6400.
Package hyperref Info: Link coloring with OCG OFF on input line 6405.
Package hyperref Info: PDF/A mode OFF on input line 6410.
LaTeX Info: Redefining \ref on input line 6450.
LaTeX Info: Redefining \pageref on input line 6454.
\Hy@abspage=\count139
\c@Item=\count140
\c@Hfootnote=\count141
)
Package hyperref Info: Driver: hpdftex.

(/usr/local/texlive/2019/texmf-dist/tex/latex/hyperref/hpdftex.def
File: hpdftex.def 2018/11/30 v6.88e Hyperref driver for pdfTeX
\Fld@listcount=\count142
\c@bookmark@seq@number=\count143
\Hy@SectionHShift=\skip120
)
Package hyperref Info: Option `colorlinks' set `true' on input line 131.
Package hyperref Info: Option `unicode' set `true' on input line 131.

(/usr/local/texlive/2019/texmf-dist/tex/latex/hyperref/puenc.def
File: puenc.def 2018/11/30 v6.88e Hyperref: PDF Unicode definition (HO)
Now handling font encoding PU ...
... no UTF-8 mapping file for font encoding PU
)
(/usr/local/texlive/2019/texmf-dist/tex/latex/caption/caption.sty
Package: caption 2018/10/06 v3.3-154 Customizing captions (AR)

(/usr/local/texlive/2019/texmf-dist/tex/latex/caption/caption3.sty
Package: caption3 2018/09/12 v1.8c caption3 kernel (AR)
Package caption3 Info: TeX engine: e-TeX on input line 64.
\captionmargin=\dimen163
\captionmargin@=\dimen164
\captionwidth=\dimen165
\caption@tempdima=\dimen166
\caption@indent=\dimen167
\caption@parindent=\dimen168
\caption@hangindent=\dimen169
)
\c@caption@flags=\count144
\c@ContinuedFloat=\count145
Package caption Info: float package is loaded.
Package caption Info: hyperref package is loaded.
Package caption Info: longtable package is loaded.

(/usr/local/texlive/2019/texmf-dist/tex/latex/caption/ltcaption.sty
Package: ltcaption 2018/08/26 v1.4-95 longtable captions (AR)
))
(/usr/local/texlive/2019/texmf-dist/tex/latex/etoc/etoc.sty
Package: etoc 2019/03/09 v1.09 Completely customisable TOCs (JFB)
\Etoc@toctoks=\toks32
\c@etoc@tocid=\count146
\c@etoc@tocdepth=\count147
\etoc@framed@titlebox=\box74
\etoc@framed@contentsbox=\box75
) (./refman.aux)
\openout1 = `refman.aux'.

LaTeX Font Info:    Checking defaults for OML/cmm/m/it on input line 146.
LaTeX Font Info:    ... okay on input line 146.
LaTeX Font Info:    Checking defaults for T1/cmr/m/n on input line 146.
LaTeX Font Info:    ... okay on input line 146.
LaTeX Font Info:    Checking defaults for OT1/cmr/m/n on input line 146.
LaTeX Font Info:    ... okay on input line 146.
LaTeX Font Info:    Checking defaults for OMS/cmsy/m/n on input line 146.
LaTeX Font Info:    ... okay on input line 146.
LaTeX Font Info:    Checking defaults for OMX/cmex/m/n on input line 146.
LaTeX Font Info:    ... okay on input line 146.
LaTeX Font Info:    Checking defaults for U/cmr/m/n on input line 146.
LaTeX Font Info:    ... okay on input line 146.
LaTeX Font Info:    Checking defaults for TS1/cmr/m/n on input line 146.
LaTeX Font Info:    Try loading font information for TS1+cmr on input line 146.


(/usr/local/texlive/2019/texmf-dist/tex/latex/base/ts1cmr.fd
File: ts1cmr.fd 2014/09/29 v2.5h Standard LaTeX font definitions
)
LaTeX Font Info:    ... okay on input line 146.
LaTeX Font Info:    Checking defaults for PD1/pdf/m/n on input line 146.
LaTeX Font Info:    ... okay on input line 146.
LaTeX Font Info:    Checking defaults for PU/pdf/m/n on input line 146.
LaTeX Font Info:    ... okay on input line 146.
LaTeX Font Info:    Try loading font information for T1+phv on input line 146.

(/usr/local/texlive/2019/texmf-dist/tex/latex/psnfss/t1phv.fd
File: t1phv.fd 2001/06/04 scalable font definitions for T1/phv.
)
LaTeX Font Info:    Font shape `T1/phv/m/n' will be
(Font)              scaled to size 8.99994pt on input line 146.

(/usr/local/texlive/2019/texmf-dist/tex/context/base/mkii/supp-pdf.mkii
[Loading MPS to PDF converter (version 2006.09.02).]
\scratchcounter=\count148
\scratchdimen=\dimen170
\scratchbox=\box76
\nofMPsegments=\count149
\nofMParguments=\count150
\everyMPshowfont=\toks33
\MPscratchCnt=\count151
\MPscratchDim=\dimen171
\MPnumerator=\count152
\makeMPintoPDFobject=\count153
\everyMPtoPDFconversion=\toks34
) (/usr/local/texlive/2019/texmf-dist/tex/latex/oberdiek/epstopdf-base.sty
Package: epstopdf-base 2016/05/15 v2.6 Base part for package epstopdf

(/usr/local/texlive/2019/texmf-dist/tex/latex/oberdiek/grfext.sty
Package: grfext 2016/05/16 v1.2 Manage graphics extensions (HO)
)
Package epstopdf-base Info: Redefining graphics rule for `.eps' on input line 4
38.
Package grfext Info: Graphics extension search list:
(grfext)             [.pdf,.png,.jpg,.mps,.jpeg,.jbig2,.jb2,.PDF,.PNG,.JPG,.JPE
G,.JBIG2,.JB2,.eps]
(grfext)             \AppendGraphicsExtensions on input line 456.

(/usr/local/texlive/2019/texmf-dist/tex/latex/latexconfig/epstopdf-sys.cfg
File: epstopdf-sys.cfg 2010/07/13 v1.3 Configuration of (r)epstopdf for TeX Liv
e
))
*geometry* driver: auto-detecting
*geometry* detected driver: pdftex
*geometry* verbose mode - [ preamble ] result:
* driver: pdftex
* paper: a4paper
* layout: <same size as paper>
* layoutoffset:(h,v)=(0.0pt,0.0pt)
* modes: twoside 
* h-part:(L,W,R)=(71.13188pt, 455.24411pt, 71.13188pt)
* v-part:(T,H,B)=(71.13188pt, 702.78308pt, 71.13188pt)
* \paperwidth=597.50787pt
* \paperheight=845.04684pt
* \textwidth=455.24411pt
* \textheight=702.78308pt
* \oddsidemargin=-1.1381pt
* \evensidemargin=-1.1381pt
* \topmargin=-31.2056pt
* \headheight=12.0pt
* \headsep=18.06749pt
* \topskip=10.0pt
* \footskip=25.29494pt
* \marginparwidth=125.0pt
* \marginparsep=7.0pt
* \columnsep=10.0pt
* \skip\footins=9.0pt plus 4.0pt minus 2.0pt
* \hoffset=0.0pt
* \voffset=0.0pt
* \mag=1000
* \@twocolumnfalse
* \@twosidetrue
* \@mparswitchtrue
* \@reversemarginfalse
* (1in=72.27pt=25.4mm, 1cm=28.453pt)

\AtBeginShipoutBox=\box77
Package backref Info: ** backref set up for natbib ** on input line 146.
Package hyperref Info: Link coloring ON on input line 146.
(/usr/local/texlive/2019/texmf-dist/tex/latex/hyperref/nameref.sty
Package: nameref 2016/05/21 v2.44 Cross-referencing by name of section

(/usr/local/texlive/2019/texmf-dist/tex/generic/oberdiek/gettitlestring.sty
Package: gettitlestring 2016/05/16 v1.5 Cleanup title references (HO)
)
\c@section@level=\count154
)
LaTeX Info: Redefining \ref on input line 146.
LaTeX Info: Redefining \pageref on input line 146.
LaTeX Info: Redefining \nameref on input line 146.

(./refman.out) (./refman.out)
\@outlinefile=\write5
\openout5 = `refman.out'.

Package caption Info: Begin \AtBeginDocument code.
Package caption Info: End \AtBeginDocument code.
\Etoc@tf=\read3
Package hyperref Info: Option `pageanchor' set `false' on input line 152.
Package hyperref Info: Option `bookmarksnumbered' set `true' on input line 152.

Package hyperref Info: Option `unicode' set `true' on input line 152.
LaTeX Font Info:    Font shape `T1/phv/m/n' will be
(Font)              scaled to size 12.9599pt on input line 157.
LaTeX Font Info:    Font shape `T1/phv/m/n' will be
(Font)              scaled to size 10.79993pt on input line 159.
 [1


{/usr/local/texlive/2019/texmf-var/fonts/map/pdftex/updmap/pdftex.map}] [2

]
\tf@toc=\write6
\openout6 = `refman.toc'.

LaTeX Font Info:    Font shape `T1/phv/bx/n' in size <10> not available
(Font)              Font shape `T1/phv/b/n' tried instead on input line 165.
LaTeX Font Info:    Font shape `T1/phv/b/n' will be
(Font)              scaled to size 8.99994pt on input line 165.
LaTeX Font Info:    Try loading font information for U+msa on input line 165.

(/usr/local/texlive/2019/texmf-dist/tex/latex/amsfonts/umsa.fd
File: umsa.fd 2013/01/14 v3.01 AMS symbols A
)
LaTeX Font Info:    Try loading font information for U+msb on input line 165.

(/usr/local/texlive/2019/texmf-dist/tex/latex/amsfonts/umsb.fd
File: umsb.fd 2013/01/14 v3.01 AMS symbols B
)
LaTeX Font Info:    Try loading font information for U+wasy on input line 165.

(/usr/local/texlive/2019/texmf-dist/tex/latex/wasysym/uwasy.fd
File: uwasy.fd 2003/10/30 v2.0 Wasy-2 symbol font definitions
)
LaTeX Font Info:    Font shape `T1/phv/m/n' will be
(Font)              scaled to size 6.29996pt on input line 165.
LaTeX Font Info:    Font shape `T1/phv/bx/n' in size <7> not available
(Font)              Font shape `T1/phv/b/n' tried instead on input line 165.
LaTeX Font Info:    Font shape `T1/phv/b/n' will be
(Font)              scaled to size 6.29996pt on input line 165.
 [1] [2]
LaTeX Font Info:    Font shape `T1/phv/m/n' will be
(Font)              scaled to size 7.19995pt on input line 165.
LaTeX Font Info:    Try loading font information for T1+pcr on input line 165.

(/usr/local/texlive/2019/texmf-dist/tex/latex/psnfss/t1pcr.fd
File: t1pcr.fd 2001/06/04 font definitions for T1/pcr.
) [3] [4

]
Package hyperref Info: Option `pageanchor' set `true' on input line 167.

Chapter 1.
LaTeX Font Info:    Font shape `T1/phv/m/n' will be
(Font)              scaled to size 18.66588pt on input line 170.
LaTeX Font Info:    Font shape `T1/phv/bx/n' in size <20.74> not available
(Font)              Font shape `T1/phv/b/n' tried instead on input line 170.
LaTeX Font Info:    Font shape `T1/phv/b/n' will be
(Font)              scaled to size 18.66588pt on input line 170.
LaTeX Font Info:    Font shape `T1/phv/bc/n' will be
(Font)              scaled to size 18.66588pt on input line 170.
LaTeX Font Info:    Font shape `T1/phv/m/n' will be
(Font)              scaled to size 22.39185pt on input line 170.
LaTeX Font Info:    Font shape `T1/phv/bx/n' in size <24.88> not available
(Font)              Font shape `T1/phv/b/n' tried instead on input line 170.
LaTeX Font Info:    Font shape `T1/phv/b/n' will be
(Font)              scaled to size 22.39185pt on input line 170.
LaTeX Font Info:    Font shape `T1/phv/bc/n' will be
(Font)              scaled to size 22.39185pt on input line 170.
(./namespaces.tex
LaTeX Font Info:    Font shape `T1/phv/bx/n' in size <14.4> not available
(Font)              Font shape `T1/phv/b/n' tried instead on input line 1.
LaTeX Font Info:    Font shape `T1/phv/b/n' will be
(Font)              scaled to size 12.9599pt on input line 1.
) [1

] [2

]
Chapter 2.
(./hierarchy.tex) [3] [4

]
Chapter 3.
(./annotated.tex) [5] [6

]
Chapter 4.
(./namespaceopenbu_1_1passlist.tex
LaTeX Font Info:    Font shape `T1/phv/bx/n' in size <12> not available
(Font)              Font shape `T1/phv/b/n' tried instead on input line 3.
LaTeX Font Info:    Font shape `T1/phv/b/n' will be
(Font)              scaled to size 10.79993pt on input line 3.
LaTeX Font Info:    Try loading font information for TS1+phv on input line 6.

(/usr/local/texlive/2019/texmf-dist/tex/latex/psnfss/ts1phv.fd
File: ts1phv.fd 2001/06/04 scalable font definitions for TS1/phv.
)
LaTeX Font Info:    Font shape `TS1/phv/m/n' will be
(Font)              scaled to size 8.99994pt on input line 6.
)
(./namespaceopenbu_1_1passport.tex) (./namespaceopenbu_1_1salameche_1_1cram.tex
[7]
LaTeX Font Info:    Font shape `T1/pcr/m/it' in size <8> not available
(Font)              Font shape `T1/pcr/m/sl' tried instead on input line 15.
LaTeX Font Info:    Font shape `T1/pcr/m/it' in size <7> not available
(Font)              Font shape `T1/pcr/m/sl' tried instead on input line 15.

Overfull \hbox (87.15623pt too wide) in paragraph at lines 17--17
[]\T1/pcr/m/n/8 CRAM uses the Chebishev rational approximation method to comput
e the solution of the matricial depletion equation 
 []

) (./namespaceopenbu_1_1salameche_1_1mat__builder.tex)
(./namespaceopenbu_1_1utils_1_1reactions__class.tex [8]) [9] [10

]
Chapter 5.
(./classopenbu_1_1nax_1_1functions_1_1_batch.tex
Package epstopdf Info: Source file: <classopenbu_1_1nax_1_1functions_1_1_batch.
eps>
(epstopdf)                    date: 2019-08-20 12:22:11
(epstopdf)                    size: 3764 bytes
(epstopdf)             Output file: <classopenbu_1_1nax_1_1functions_1_1_batch-
eps-converted-to.pdf>
(epstopdf)                    date: 2019-08-20 12:26:05
(epstopdf)                    size: 4664 bytes
(epstopdf)             Command: <repstopdf --outfile=classopenbu_1_1nax_1_1func
tions_1_1_batch-eps-converted-to.pdf classopenbu_1_1nax_1_1functions_1_1_batch.
eps>
(epstopdf)             \includegraphics on input line 6.
Package epstopdf Info: Output file is already uptodate.
 <./classopenbu_1_1nax_1_1functions_1_1_batch-eps-converted-to.pdf>
<classopenbu_1_1nax_1_1functions_1_1_batch-eps-converted-to.pdf, id=850, 501.87
5pt x 743.51776pt>
File: classopenbu_1_1nax_1_1functions_1_1_batch-eps-converted-to.pdf Graphic fi
le (type pdf)
<use classopenbu_1_1nax_1_1functions_1_1_batch-eps-converted-to.pdf>
Package pdftex.def Info: classopenbu_1_1nax_1_1functions_1_1_batch-eps-converte
d-to.pdf  used on input line 6.
(pdftex.def)             Requested size: 38.40479pt x 56.9055pt.
) (./classopenbu_1_1cell_1_1_cell.tex
Package epstopdf Info: Source file: <classopenbu_1_1cell_1_1_cell.eps>
(epstopdf)                    date: 2019-08-20 12:22:11
(epstopdf)                    size: 3762 bytes
(epstopdf)             Output file: <classopenbu_1_1cell_1_1_cell-eps-converted
-to.pdf>
(epstopdf)                    date: 2019-08-20 12:26:05
(epstopdf)                    size: 4399 bytes
(epstopdf)             Command: <repstopdf --outfile=classopenbu_1_1cell_1_1_ce
ll-eps-converted-to.pdf classopenbu_1_1cell_1_1_cell.eps>
(epstopdf)             \includegraphics on input line 6.
Package epstopdf Info: Output file is already uptodate.
 <./classopenbu_1_1cell_1_1_cell-eps-converted-to.pdf>
<classopenbu_1_1cell_1_1_cell-eps-converted-to.pdf, id=856, 501.875pt x 743.517
76pt>
File: classopenbu_1_1cell_1_1_cell-eps-converted-to.pdf Graphic file (type pdf)

<use classopenbu_1_1cell_1_1_cell-eps-converted-to.pdf>
Package pdftex.def Info: classopenbu_1_1cell_1_1_cell-eps-converted-to.pdf  use
d on input line 6.
(pdftex.def)             Requested size: 38.40479pt x 56.9055pt.
 [11])
(./classopenbu_1_1system_1_1_cell__name__not__found.tex
Package epstopdf Info: Source file: <classopenbu_1_1system_1_1_cell__name__not_
_found.eps>
(epstopdf)                    date: 2019-08-20 12:22:11
(epstopdf)                    size: 3798 bytes
(epstopdf)             Output file: <classopenbu_1_1system_1_1_cell__name__not_
_found-eps-converted-to.pdf>
(epstopdf)                    date: 2019-08-20 12:26:06
(epstopdf)                    size: 5424 bytes
(epstopdf)             Command: <repstopdf --outfile=classopenbu_1_1system_1_1_
cell__name__not__found-eps-converted-to.pdf classopenbu_1_1system_1_1_cell__nam
e__not__found.eps>
(epstopdf)             \includegraphics on input line 6.
Package epstopdf Info: Output file is already uptodate.
 <./classopenbu_1_1system_1_1_cell__name__not__found-eps-converted-to.pdf>
<classopenbu_1_1system_1_1_cell__name__not__found-eps-converted-to.pdf, id=870,
 501.875pt x 282.74634pt>
File: classopenbu_1_1system_1_1_cell__name__not__found-eps-converted-to.pdf Gra
phic file (type pdf)
<use classopenbu_1_1system_1_1_cell__name__not__found-eps-converted-to.pdf>
Package pdftex.def Info: classopenbu_1_1system_1_1_cell__name__not__found-eps-c
onverted-to.pdf  used on input line 6.
(pdftex.def)             Requested size: 101.00117pt x 56.9055pt.
)
(./classopenbu_1_1couple_1_1couple__openmc_1_1_couple__openmc.tex
Package epstopdf Info: Source file: <classopenbu_1_1couple_1_1couple__openmc_1_
1_couple__openmc.eps>
(epstopdf)                    date: 2019-08-20 12:22:11
(epstopdf)                    size: 3780 bytes
(epstopdf)             Output file: <classopenbu_1_1couple_1_1couple__openmc_1_
1_couple__openmc-eps-converted-to.pdf>
(epstopdf)                    date: 2019-08-20 12:26:06
(epstopdf)                    size: 4920 bytes
(epstopdf)             Command: <repstopdf --outfile=classopenbu_1_1couple_1_1c
ouple__openmc_1_1_couple__openmc-eps-converted-to.pdf classopenbu_1_1couple_1_1
couple__openmc_1_1_couple__openmc.eps>
(epstopdf)             \includegraphics on input line 6.
Package epstopdf Info: Output file is already uptodate.
 <./classopenbu_1_1couple_1_1couple__openmc_1_1_couple__openmc-eps-converted-to
.pdf>
<classopenbu_1_1couple_1_1couple__openmc_1_1_couple__openmc-eps-converted-to.pd
f, id=876, 501.875pt x 361.71133pt>
File: classopenbu_1_1couple_1_1couple__openmc_1_1_couple__openmc-eps-converted-
to.pdf Graphic file (type pdf)
<use classopenbu_1_1couple_1_1couple__openmc_1_1_couple__openmc-eps-converted-t
o.pdf>
Package pdftex.def Info: classopenbu_1_1couple_1_1couple__openmc_1_1_couple__op
enmc-eps-converted-to.pdf  used on input line 6.
(pdftex.def)             Requested size: 78.95383pt x 56.9055pt.
 [12])
(./classopenbu_1_1utils_1_1reactions__class_1_1decay__lib.tex
Package epstopdf Info: Source file: <classopenbu_1_1utils_1_1reactions__class_1
_1decay__lib.eps>
(epstopdf)                    date: 2019-08-20 12:22:11
(epstopdf)                    size: 3772 bytes
(epstopdf)             Output file: <classopenbu_1_1utils_1_1reactions__class_1
_1decay__lib-eps-converted-to.pdf>
(epstopdf)                    date: 2019-08-20 12:26:07
(epstopdf)                    size: 4727 bytes
(epstopdf)             Command: <repstopdf --outfile=classopenbu_1_1utils_1_1re
actions__class_1_1decay__lib-eps-converted-to.pdf classopenbu_1_1utils_1_1react
ions__class_1_1decay__lib.eps>
(epstopdf)             \includegraphics on input line 6.
Package epstopdf Info: Output file is already uptodate.
 <./classopenbu_1_1utils_1_1reactions__class_1_1decay__lib-eps-converted-to.pdf
>
<classopenbu_1_1utils_1_1reactions__class_1_1decay__lib-eps-converted-to.pdf, i
d=896, 501.875pt x 535.33pt>
File: classopenbu_1_1utils_1_1reactions__class_1_1decay__lib-eps-converted-to.p
df Graphic file (type pdf)
<use classopenbu_1_1utils_1_1reactions__class_1_1decay__lib-eps-converted-to.pd
f>
Package pdftex.def Info: classopenbu_1_1utils_1_1reactions__class_1_1decay__lib
-eps-converted-to.pdf  used on input line 6.
(pdftex.def)             Requested size: 53.34552pt x 56.9055pt.
 [13])
(./classopenbu_1_1utils_1_1functions_1_1_empty__argument.tex
Package epstopdf Info: Source file: <classopenbu_1_1utils_1_1functions_1_1_empt
y__argument.eps>
(epstopdf)                    date: 2019-08-20 12:22:11
(epstopdf)                    size: 3788 bytes
(epstopdf)             Output file: <classopenbu_1_1utils_1_1functions_1_1_empt
y__argument-eps-converted-to.pdf>
(epstopdf)                    date: 2019-08-20 12:26:07
(epstopdf)                    size: 5463 bytes
(epstopdf)             Command: <repstopdf --outfile=classopenbu_1_1utils_1_1fu
nctions_1_1_empty__argument-eps-converted-to.pdf classopenbu_1_1utils_1_1functi
ons_1_1_empty__argument.eps>
(epstopdf)             \includegraphics on input line 6.
Package epstopdf Info: Output file is already uptodate.
 <./classopenbu_1_1utils_1_1functions_1_1_empty__argument-eps-converted-to.pdf>
<classopenbu_1_1utils_1_1functions_1_1_empty__argument-eps-converted-to.pdf, id
=915, 501.875pt x 355.30743pt>
File: classopenbu_1_1utils_1_1functions_1_1_empty__argument-eps-converted-to.pd
f Graphic file (type pdf)
<use classopenbu_1_1utils_1_1functions_1_1_empty__argument-eps-converted-to.pdf
>
Package pdftex.def Info: classopenbu_1_1utils_1_1functions_1_1_empty__argument-
eps-converted-to.pdf  used on input line 6.
(pdftex.def)             Requested size: 80.37822pt x 56.9055pt.
)
(./classopenbu_1_1utils_1_1reactions__class_1_1_empty__data.tex
Package epstopdf Info: Source file: <classopenbu_1_1utils_1_1reactions__class_1
_1_empty__data.eps>
(epstopdf)                    date: 2019-08-20 12:22:11
(epstopdf)                    size: 3780 bytes
(epstopdf)             Output file: <classopenbu_1_1utils_1_1reactions__class_1
_1_empty__data-eps-converted-to.pdf>
(epstopdf)                    date: 2019-08-20 12:26:07
(epstopdf)                    size: 5171 bytes
(epstopdf)             Command: <repstopdf --outfile=classopenbu_1_1utils_1_1re
actions__class_1_1_empty__data-eps-converted-to.pdf classopenbu_1_1utils_1_1rea
ctions__class_1_1_empty__data.eps>
(epstopdf)             \includegraphics on input line 6.
Package epstopdf Info: Output file is already uptodate.
 <./classopenbu_1_1utils_1_1reactions__class_1_1_empty__data-eps-converted-to.p
df>
<classopenbu_1_1utils_1_1reactions__class_1_1_empty__data-eps-converted-to.pdf,
 id=921, 501.875pt x 472.3547pt>
File: classopenbu_1_1utils_1_1reactions__class_1_1_empty__data-eps-converted-to
.pdf Graphic file (type pdf)
<use classopenbu_1_1utils_1_1reactions__class_1_1_empty__data-eps-converted-to.
pdf>
Package pdftex.def Info: classopenbu_1_1utils_1_1reactions__class_1_1_empty__da
ta-eps-converted-to.pdf  used on input line 6.
(pdftex.def)             Requested size: 60.4598pt x 56.9055pt.
)
(./classopenbu_1_1utils_1_1reactions__class_1_1fy__lib.tex
Package epstopdf Info: Source file: <classopenbu_1_1utils_1_1reactions__class_1
_1fy__lib.eps>
(epstopdf)                    date: 2019-08-20 12:22:11
(epstopdf)                    size: 3766 bytes
(epstopdf)             Output file: <classopenbu_1_1utils_1_1reactions__class_1
_1fy__lib-eps-converted-to.pdf>
(epstopdf)                    date: 2019-08-20 12:26:08
(epstopdf)                    size: 4565 bytes
(epstopdf)             Command: <repstopdf --outfile=classopenbu_1_1utils_1_1re
actions__class_1_1fy__lib-eps-converted-to.pdf classopenbu_1_1utils_1_1reaction
s__class_1_1fy__lib.eps>
(epstopdf)             \includegraphics on input line 6.
Package epstopdf Info: Output file is already uptodate.
 <./classopenbu_1_1utils_1_1reactions__class_1_1fy__lib-eps-converted-to.pdf>
<classopenbu_1_1utils_1_1reactions__class_1_1fy__lib-eps-converted-to.pdf, id=9
27, 501.875pt x 743.51776pt>
File: classopenbu_1_1utils_1_1reactions__class_1_1fy__lib-eps-converted-to.pdf 
Graphic file (type pdf)
<use classopenbu_1_1utils_1_1reactions__class_1_1fy__lib-eps-converted-to.pdf>
Package pdftex.def Info: classopenbu_1_1utils_1_1reactions__class_1_1fy__lib-ep
s-converted-to.pdf  used on input line 6.
(pdftex.def)             Requested size: 38.40479pt x 56.9055pt.
 [14])
(./classopenbu_1_1passport_1_1_incorrect__nuc__id.tex
Package epstopdf Info: Source file: <classopenbu_1_1passport_1_1_incorrect__nuc
__id.eps>
(epstopdf)                    date: 2019-08-20 12:22:11
(epstopdf)                    size: 3792 bytes
(epstopdf)             Output file: <classopenbu_1_1passport_1_1_incorrect__nuc
__id-eps-converted-to.pdf>
(epstopdf)                    date: 2019-08-20 12:26:08
(epstopdf)                    size: 4997 bytes
(epstopdf)             Command: <repstopdf --outfile=classopenbu_1_1passport_1_
1_incorrect__nuc__id-eps-converted-to.pdf classopenbu_1_1passport_1_1_incorrect
__nuc__id.eps>
(epstopdf)             \includegraphics on input line 6.
Package epstopdf Info: Output file is already uptodate.
 <./classopenbu_1_1passport_1_1_incorrect__nuc__id-eps-converted-to.pdf>
<classopenbu_1_1passport_1_1_incorrect__nuc__id-eps-converted-to.pdf, id=942, 5
01.875pt x 346.1231pt>
File: classopenbu_1_1passport_1_1_incorrect__nuc__id-eps-converted-to.pdf Graph
ic file (type pdf)
<use classopenbu_1_1passport_1_1_incorrect__nuc__id-eps-converted-to.pdf>
Package pdftex.def Info: classopenbu_1_1passport_1_1_incorrect__nuc__id-eps-con
verted-to.pdf  used on input line 6.
(pdftex.def)             Requested size: 82.50713pt x 56.9055pt.
)
(./classopenbu_1_1cell_1_1_initial__nucl__not__in___nucl__set.tex
Package epstopdf Info: Source file: <classopenbu_1_1cell_1_1_initial__nucl__not
__in___nucl__set.eps>
(epstopdf)                    date: 2019-08-20 12:22:11
(epstopdf)                    size: 3816 bytes
(epstopdf)             Output file: <classopenbu_1_1cell_1_1_initial__nucl__not
__in___nucl__set-eps-converted-to.pdf>
(epstopdf)                    date: 2019-08-20 12:26:09
(epstopdf)                    size: 5250 bytes
(epstopdf)             Command: <repstopdf --outfile=classopenbu_1_1cell_1_1_in
itial__nucl__not__in___nucl__set-eps-converted-to.pdf classopenbu_1_1cell_1_1_i
nitial__nucl__not__in___nucl__set.eps>
(epstopdf)             \includegraphics on input line 6.
Package epstopdf Info: Output file is already uptodate.
 <./classopenbu_1_1cell_1_1_initial__nucl__not__in___nucl__set-eps-converted-to
.pdf>
<classopenbu_1_1cell_1_1_initial__nucl__not__in___nucl__set-eps-converted-to.pd
f, id=948, 501.875pt x 226.83746pt>
File: classopenbu_1_1cell_1_1_initial__nucl__not__in___nucl__set-eps-converted-
to.pdf Graphic file (type pdf)
<use classopenbu_1_1cell_1_1_initial__nucl__not__in___nucl__set-eps-converted-t
o.pdf>
Package pdftex.def Info: classopenbu_1_1cell_1_1_initial__nucl__not__in___nucl_
_set-eps-converted-to.pdf  used on input line 6.
(pdftex.def)             Requested size: 125.89728pt x 56.9055pt.
 [15])
(./classopenbu_1_1cell_1_1_initial__nucl__not__set.tex
Package epstopdf Info: Source file: <classopenbu_1_1cell_1_1_initial__nucl__not
__set.eps>
(epstopdf)                    date: 2019-08-20 12:22:11
(epstopdf)                    size: 3800 bytes
(epstopdf)             Output file: <classopenbu_1_1cell_1_1_initial__nucl__not
__set-eps-converted-to.pdf>
(epstopdf)                    date: 2019-08-20 12:26:09
(epstopdf)                    size: 5128 bytes
(epstopdf)             Command: <repstopdf --outfile=classopenbu_1_1cell_1_1_in
itial__nucl__not__set-eps-converted-to.pdf classopenbu_1_1cell_1_1_initial__nuc
l__not__set.eps>
(epstopdf)             \includegraphics on input line 6.
Package epstopdf Info: Output file is already uptodate.
 <./classopenbu_1_1cell_1_1_initial__nucl__not__set-eps-converted-to.pdf>
<classopenbu_1_1cell_1_1_initial__nucl__not__set-eps-converted-to.pdf, id=962, 
501.875pt x 316.1411pt>
File: classopenbu_1_1cell_1_1_initial__nucl__not__set-eps-converted-to.pdf Grap
hic file (type pdf)
<use classopenbu_1_1cell_1_1_initial__nucl__not__set-eps-converted-to.pdf>
Package pdftex.def Info: classopenbu_1_1cell_1_1_initial__nucl__not__set-eps-co
nverted-to.pdf  used on input line 6.
(pdftex.def)             Requested size: 90.33359pt x 56.9055pt.
)
(./classopenbu_1_1couple_1_1couple__openmc_1_1_initial__nuclides__not__in__nucl
ide__list.tex
Package epstopdf Info: Source file: <classopenbu_1_1couple_1_1couple__openmc_1_
1_initial__nuclides__not__in__nuclide__list.eps>
(epstopdf)                    date: 2019-08-20 12:22:11
(epstopdf)                    size: 3832 bytes
(epstopdf)             Output file: <classopenbu_1_1couple_1_1couple__openmc_1_
1_initial__nuclides__not__in__nuclide__list-eps-converted-to.pdf>
(epstopdf)                    date: 2019-08-20 12:26:10
(epstopdf)                    size: 5258 bytes
(epstopdf)             Command: <repstopdf --outfile=classopenbu_1_1couple_1_1c
ouple__openmc_1_1_initial__nuclides__not__in__nuclide__list-eps-converted-to.pd
f classopenbu_1_1couple_1_1couple__openmc_1_1_initial__nuclides__not__in__nucli
de__list.eps>
(epstopdf)             \includegraphics on input line 6.
Package epstopdf Info: Output file is already uptodate.
 <./classopenbu_1_1couple_1_1couple__openmc_1_1_initial__nuclides__not__in__nuc
lide__list-eps-converted-to.pdf>
<classopenbu_1_1couple_1_1couple__openmc_1_1_initial__nuclides__not__in__nuclid
e__list-eps-converted-to.pdf, id=968, 501.875pt x 187.62094pt>
File: classopenbu_1_1couple_1_1couple__openmc_1_1_initial__nuclides__not__in__n
uclide__list-eps-converted-to.pdf Graphic file (type pdf)
<use classopenbu_1_1couple_1_1couple__openmc_1_1_initial__nuclides__not__in__nu
clide__list-eps-converted-to.pdf>
Package pdftex.def Info: classopenbu_1_1couple_1_1couple__openmc_1_1_initial__n
uclides__not__in__nuclide__list-eps-converted-to.pdf  used on input line 6.
(pdftex.def)             Requested size: 152.21777pt x 56.9055pt.
)
(./classopenbu_1_1input_1_1_input.tex
Package epstopdf Info: Source file: <classopenbu_1_1input_1_1_input.eps>
(epstopdf)                    date: 2019-08-20 12:22:11
(epstopdf)                    size: 3764 bytes
(epstopdf)             Output file: <classopenbu_1_1input_1_1_input-eps-convert
ed-to.pdf>
(epstopdf)                    date: 2019-08-20 12:26:10
(epstopdf)                    size: 4617 bytes
(epstopdf)             Command: <repstopdf --outfile=classopenbu_1_1input_1_1_i
nput-eps-converted-to.pdf classopenbu_1_1input_1_1_input.eps>
(epstopdf)             \includegraphics on input line 6.
Package epstopdf Info: Output file is already uptodate.
 <./classopenbu_1_1input_1_1_input-eps-converted-to.pdf>
<classopenbu_1_1input_1_1_input-eps-converted-to.pdf, id=974, 501.875pt x 743.5
1776pt>
File: classopenbu_1_1input_1_1_input-eps-converted-to.pdf Graphic file (type pd
f)
<use classopenbu_1_1input_1_1_input-eps-converted-to.pdf>
Package pdftex.def Info: classopenbu_1_1input_1_1_input-eps-converted-to.pdf  u
sed on input line 6.
(pdftex.def)             Requested size: 38.40479pt x 56.9055pt.
 [16] [17])
(./classopenbu_1_1utils_1_1functions_1_1_midpoint_normalize.tex
Package epstopdf Info: Source file: <classopenbu_1_1utils_1_1functions_1_1_midp
oint_normalize.eps>
(epstopdf)                    date: 2019-08-20 12:22:11
(epstopdf)                    size: 3794 bytes
(epstopdf)             Output file: <classopenbu_1_1utils_1_1functions_1_1_midp
oint_normalize-eps-converted-to.pdf>
(epstopdf)                    date: 2019-08-20 12:26:11
(epstopdf)                    size: 5086 bytes
(epstopdf)             Command: <repstopdf --outfile=classopenbu_1_1utils_1_1fu
nctions_1_1_midpoint_normalize-eps-converted-to.pdf classopenbu_1_1utils_1_1fun
ctions_1_1_midpoint_normalize.eps>
(epstopdf)             \includegraphics on input line 6.
Package epstopdf Info: Output file is already uptodate.
 <./classopenbu_1_1utils_1_1functions_1_1_midpoint_normalize-eps-converted-to.p
df>
<classopenbu_1_1utils_1_1functions_1_1_midpoint_normalize-eps-converted-to.pdf,
 id=1000, 501.875pt x 323.78966pt>
File: classopenbu_1_1utils_1_1functions_1_1_midpoint_normalize-eps-converted-to
.pdf Graphic file (type pdf)
<use classopenbu_1_1utils_1_1functions_1_1_midpoint_normalize-eps-converted-to.
pdf>
Package pdftex.def Info: classopenbu_1_1utils_1_1functions_1_1_midpoint_normali
ze-eps-converted-to.pdf  used on input line 6.
(pdftex.def)             Requested size: 88.20468pt x 56.9055pt.

Overfull \hbox (53.55621pt too wide) in paragraph at lines 14--14
[]\T1/pcr/m/n/8 Normalise the colorbar so that diverging bars work there way ei
ther side from a prescribed midpoint value) 
 []

) (./classopenbu_1_1passlist_1_1_neg__decay.tex
Package epstopdf Info: Source file: <classopenbu_1_1passlist_1_1_neg__decay.eps
>
(epstopdf)                    date: 2019-08-20 12:22:11
(epstopdf)                    size: 3778 bytes
(epstopdf)             Output file: <classopenbu_1_1passlist_1_1_neg__decay-eps
-converted-to.pdf>
(epstopdf)                    date: 2019-08-20 12:26:12
(epstopdf)                    size: 5317 bytes
(epstopdf)             Command: <repstopdf --outfile=classopenbu_1_1passlist_1_
1_neg__decay-eps-converted-to.pdf classopenbu_1_1passlist_1_1_neg__decay.eps>
(epstopdf)             \includegraphics on input line 6.
Package epstopdf Info: Output file is already uptodate.
 <./classopenbu_1_1passlist_1_1_neg__decay-eps-converted-to.pdf>
<classopenbu_1_1passlist_1_1_neg__decay-eps-converted-to.pdf, id=1006, 501.875p
t x 472.3547pt>
File: classopenbu_1_1passlist_1_1_neg__decay-eps-converted-to.pdf Graphic file 
(type pdf)
<use classopenbu_1_1passlist_1_1_neg__decay-eps-converted-to.pdf>
Package pdftex.def Info: classopenbu_1_1passlist_1_1_neg__decay-eps-converted-t
o.pdf  used on input line 6.
(pdftex.def)             Requested size: 60.4598pt x 56.9055pt.
 [18])
(./classopenbu_1_1passlist_1_1_neg__xs.tex
Package epstopdf Info: Source file: <classopenbu_1_1passlist_1_1_neg__xs.eps>
(epstopdf)                    date: 2019-08-20 12:22:11
(epstopdf)                    size: 3772 bytes
(epstopdf)             Output file: <classopenbu_1_1passlist_1_1_neg__xs-eps-co
nverted-to.pdf>
(epstopdf)                    date: 2019-08-20 12:26:13
(epstopdf)                    size: 5064 bytes
(epstopdf)             Command: <repstopdf --outfile=classopenbu_1_1passlist_1_
1_neg__xs-eps-converted-to.pdf classopenbu_1_1passlist_1_1_neg__xs.eps>
(epstopdf)             \includegraphics on input line 6.
Package epstopdf Info: Output file is already uptodate.
 <./classopenbu_1_1passlist_1_1_neg__xs-eps-converted-to.pdf>
<classopenbu_1_1passlist_1_1_neg__xs-eps-converted-to.pdf, id=1019, 501.875pt x
 535.33pt>
File: classopenbu_1_1passlist_1_1_neg__xs-eps-converted-to.pdf Graphic file (ty
pe pdf)
<use classopenbu_1_1passlist_1_1_neg__xs-eps-converted-to.pdf>
Package pdftex.def Info: classopenbu_1_1passlist_1_1_neg__xs-eps-converted-to.p
df  used on input line 6.
(pdftex.def)             Requested size: 53.34552pt x 56.9055pt.
) (./classopenbu_1_1passport_1_1_no__fission___x_s.tex
Package epstopdf Info: Source file: <classopenbu_1_1passport_1_1_no__fission___
x_s.eps>
(epstopdf)                    date: 2019-08-20 12:22:11
(epstopdf)                    size: 3786 bytes
(epstopdf)             Output file: <classopenbu_1_1passport_1_1_no__fission___
x_s-eps-converted-to.pdf>
(epstopdf)                    date: 2019-08-20 12:26:14
(epstopdf)                    size: 5266 bytes
(epstopdf)             Command: <repstopdf --outfile=classopenbu_1_1passport_1_
1_no__fission___x_s-eps-converted-to.pdf classopenbu_1_1passport_1_1_no__fissio
n___x_s.eps>
(epstopdf)             \includegraphics on input line 6.
Package epstopdf Info: Output file is already uptodate.
 <./classopenbu_1_1passport_1_1_no__fission___x_s-eps-converted-to.pdf>
<classopenbu_1_1passport_1_1_no__fission___x_s-eps-converted-to.pdf, id=1025, 5
01.875pt x 389.80632pt>
File: classopenbu_1_1passport_1_1_no__fission___x_s-eps-converted-to.pdf Graphi
c file (type pdf)
<use classopenbu_1_1passport_1_1_no__fission___x_s-eps-converted-to.pdf>
Package pdftex.def Info: classopenbu_1_1passport_1_1_no__fission___x_s-eps-conv
erted-to.pdf  used on input line 6.
(pdftex.def)             Requested size: 73.26395pt x 56.9055pt.
 [19]
Overfull \hbox (19.95619pt too wide) in paragraph at lines 12--12
[]\T1/pcr/m/n/8 Raise when the user tries to access fission XS for a nuclide wh
ich fission XS have not been set yet 
 []

) (./classopenbu_1_1passport_1_1_not__a___fission___product.tex
Package epstopdf Info: Source file: <classopenbu_1_1passport_1_1_not__a___fissi
on___product.eps>
(epstopdf)                    date: 2019-08-20 12:22:11
(epstopdf)                    size: 3802 bytes
(epstopdf)             Output file: <classopenbu_1_1passport_1_1_not__a___fissi
on___product-eps-converted-to.pdf>
(epstopdf)                    date: 2019-08-20 12:26:15
(epstopdf)                    size: 5512 bytes
(epstopdf)             Command: <repstopdf --outfile=classopenbu_1_1passport_1_
1_not__a___fission___product-eps-converted-to.pdf classopenbu_1_1passport_1_1_n
ot__a___fission___product.eps>
(epstopdf)             \includegraphics on input line 6.
Package epstopdf Info: Output file is already uptodate.
 <./classopenbu_1_1passport_1_1_not__a___fission___product-eps-converted-to.pdf
>
<classopenbu_1_1passport_1_1_not__a___fission___product-eps-converted-to.pdf, i
d=1040, 501.875pt x 265.89337pt>
File: classopenbu_1_1passport_1_1_not__a___fission___product-eps-converted-to.p
df Graphic file (type pdf)
<use classopenbu_1_1passport_1_1_not__a___fission___product-eps-converted-to.pd
f>
Package pdftex.def Info: classopenbu_1_1passport_1_1_not__a___fission___product
-eps-converted-to.pdf  used on input line 6.
(pdftex.def)             Requested size: 107.40324pt x 56.9055pt.
)
(./classopenbu_1_1passport_1_1_nuc__xs__not__found.tex
Package epstopdf Info: Source file: <classopenbu_1_1passport_1_1_nuc__xs__not__
found.eps>
(epstopdf)                    date: 2019-08-20 12:22:11
(epstopdf)                    size: 3792 bytes
(epstopdf)             Output file: <classopenbu_1_1passport_1_1_nuc__xs__not__
found-eps-converted-to.pdf>
(epstopdf)                    date: 2019-08-20 12:26:15
(epstopdf)                    size: 5166 bytes
(epstopdf)             Command: <repstopdf --outfile=classopenbu_1_1passport_1_
1_nuc__xs__not__found-eps-converted-to.pdf classopenbu_1_1passport_1_1_nuc__xs_
_not__found.eps>
(epstopdf)             \includegraphics on input line 6.
Package epstopdf Info: Output file is already uptodate.
 <./classopenbu_1_1passport_1_1_nuc__xs__not__found-eps-converted-to.pdf>
<classopenbu_1_1passport_1_1_nuc__xs__not__found-eps-converted-to.pdf, id=1046,
 501.875pt x 321.2pt>
File: classopenbu_1_1passport_1_1_nuc__xs__not__found-eps-converted-to.pdf Grap
hic file (type pdf)
<use classopenbu_1_1passport_1_1_nuc__xs__not__found-eps-converted-to.pdf>
Package pdftex.def Info: classopenbu_1_1passport_1_1_nuc__xs__not__found-eps-co
nverted-to.pdf  used on input line 6.
(pdftex.def)             Requested size: 88.90921pt x 56.9055pt.
 [20])
(./classopenbu_1_1passlist_1_1_nuc__xs__not__found.tex
Package epstopdf Info: Source file: <classopenbu_1_1passlist_1_1_nuc__xs__not__
found.eps>
(epstopdf)                    date: 2019-08-20 12:22:11
(epstopdf)                    size: 3792 bytes
(epstopdf)             Output file: <classopenbu_1_1passlist_1_1_nuc__xs__not__
found-eps-converted-to.pdf>
(epstopdf)                    date: 2019-08-20 12:26:15
(epstopdf)                    size: 5166 bytes
(epstopdf)             Command: <repstopdf --outfile=classopenbu_1_1passlist_1_
1_nuc__xs__not__found-eps-converted-to.pdf classopenbu_1_1passlist_1_1_nuc__xs_
_not__found.eps>
(epstopdf)             \includegraphics on input line 6.
Package epstopdf Info: Output file is already uptodate.
 <./classopenbu_1_1passlist_1_1_nuc__xs__not__found-eps-converted-to.pdf>
<classopenbu_1_1passlist_1_1_nuc__xs__not__found-eps-converted-to.pdf, id=1058,
 501.875pt x 321.2pt>
File: classopenbu_1_1passlist_1_1_nuc__xs__not__found-eps-converted-to.pdf Grap
hic file (type pdf)
<use classopenbu_1_1passlist_1_1_nuc__xs__not__found-eps-converted-to.pdf>
Package pdftex.def Info: classopenbu_1_1passlist_1_1_nuc__xs__not__found-eps-co
nverted-to.pdf  used on input line 6.
(pdftex.def)             Requested size: 88.90921pt x 56.9055pt.
)
(./classopenbu_1_1cell_1_1_nucl__set__not__in___lib__nucl.tex
Package epstopdf Info: Source file: <classopenbu_1_1cell_1_1_nucl__set__not__in
___lib__nucl.eps>
(epstopdf)                    date: 2019-08-20 12:22:11
(epstopdf)                    size: 3808 bytes
(epstopdf)             Output file: <classopenbu_1_1cell_1_1_nucl__set__not__in
___lib__nucl-eps-converted-to.pdf>
(epstopdf)                    date: 2019-08-20 12:26:16
(epstopdf)                    size: 5177 bytes
(epstopdf)             Command: <repstopdf --outfile=classopenbu_1_1cell_1_1_nu
cl__set__not__in___lib__nucl-eps-converted-to.pdf classopenbu_1_1cell_1_1_nucl_
_set__not__in___lib__nucl.eps>
(epstopdf)             \includegraphics on input line 6.
Package epstopdf Info: Output file is already uptodate.
 <./classopenbu_1_1cell_1_1_nucl__set__not__in___lib__nucl-eps-converted-to.pdf
>
<classopenbu_1_1cell_1_1_nucl__set__not__in___lib__nucl-eps-converted-to.pdf, i
d=1064, 501.875pt x 243.32907pt>
File: classopenbu_1_1cell_1_1_nucl__set__not__in___lib__nucl-eps-converted-to.p
df Graphic file (type pdf)
<use classopenbu_1_1cell_1_1_nucl__set__not__in___lib__nucl-eps-converted-to.pd
f>
Package pdftex.def Info: classopenbu_1_1cell_1_1_nucl__set__not__in___lib__nucl
-eps-converted-to.pdf  used on input line 6.
(pdftex.def)             Requested size: 117.36629pt x 56.9055pt.
)
(./classopenbu_1_1cell_1_1_nuclide__list__redundant.tex
Package epstopdf Info: Source file: <classopenbu_1_1cell_1_1_nuclide__list__red
undant.eps>
(epstopdf)                    date: 2019-08-20 12:22:11
(epstopdf)                    size: 3804 bytes
(epstopdf)             Output file: <classopenbu_1_1cell_1_1_nuclide__list__red
undant-eps-converted-to.pdf>
(epstopdf)                    date: 2019-08-20 12:26:16
(epstopdf)                    size: 5389 bytes
(epstopdf)             Command: <repstopdf --outfile=classopenbu_1_1cell_1_1_nu
clide__list__redundant-eps-converted-to.pdf classopenbu_1_1cell_1_1_nuclide__li
st__redundant.eps>
(epstopdf)             \includegraphics on input line 6.
Package epstopdf Info: Output file is already uptodate.
 <./classopenbu_1_1cell_1_1_nuclide__list__redundant-eps-converted-to.pdf>
<classopenbu_1_1cell_1_1_nuclide__list__redundant-eps-converted-to.pdf, id=1070
, 501.875pt x 269.46672pt>
File: classopenbu_1_1cell_1_1_nuclide__list__redundant-eps-converted-to.pdf Gra
phic file (type pdf)
<use classopenbu_1_1cell_1_1_nuclide__list__redundant-eps-converted-to.pdf>
Package pdftex.def Info: classopenbu_1_1cell_1_1_nuclide__list__redundant-eps-c
onverted-to.pdf  used on input line 6.
(pdftex.def)             Requested size: 105.97887pt x 56.9055pt.
 [21])
(./classopenbu_1_1passlist_1_1_passlist.tex
Package epstopdf Info: Source file: <classopenbu_1_1passlist_1_1_passlist.eps>
(epstopdf)                    date: 2019-08-20 12:22:11
(epstopdf)                    size: 3770 bytes
(epstopdf)             Output file: <classopenbu_1_1passlist_1_1_passlist-eps-c
onverted-to.pdf>
(epstopdf)                    date: 2019-08-20 12:26:17
(epstopdf)                    size: 4727 bytes
(epstopdf)             Command: <repstopdf --outfile=classopenbu_1_1passlist_1_
1_passlist-eps-converted-to.pdf classopenbu_1_1passlist_1_1_passlist.eps>
(epstopdf)             \includegraphics on input line 6.
Package epstopdf Info: Output file is already uptodate.
 <./classopenbu_1_1passlist_1_1_passlist-eps-converted-to.pdf>
<classopenbu_1_1passlist_1_1_passlist-eps-converted-to.pdf, id=1084, 501.875pt 
x 647.57933pt>
File: classopenbu_1_1passlist_1_1_passlist-eps-converted-to.pdf Graphic file (t
ype pdf)
<use classopenbu_1_1passlist_1_1_passlist-eps-converted-to.pdf>
Package pdftex.def Info: classopenbu_1_1passlist_1_1_passlist-eps-converted-to.
pdf  used on input line 6.
(pdftex.def)             Requested size: 44.09468pt x 56.9055pt.

Overfull \hbox (43.9562pt too wide) in paragraph at lines 21--21
[]\T1/pcr/m/n/8 Convert the list of passport into a dictionnary of passports wh
ere entries are the zamid of the nuclides 
 []

[22]
Overfull \hbox (43.9562pt too wide) in paragraph at lines 28--28
[]\T1/pcr/m/n/8 Convert the list of passport into a dictionnary of passports wh
ere entries are the zamid of the nuclides 
 []

[23]) (./classopenbu_1_1cell_1_1_passlist__not__defined.tex
Package epstopdf Info: Source file: <classopenbu_1_1cell_1_1_passlist__not__def
ined.eps>
(epstopdf)                    date: 2019-08-20 12:22:11
(epstopdf)                    size: 3800 bytes
(epstopdf)             Output file: <classopenbu_1_1cell_1_1_passlist__not__def
ined-eps-converted-to.pdf>
(epstopdf)                    date: 2019-08-20 12:26:17
(epstopdf)                    size: 5318 bytes
(epstopdf)             Command: <repstopdf --outfile=classopenbu_1_1cell_1_1_pa
sslist__not__defined-eps-converted-to.pdf classopenbu_1_1cell_1_1_passlist__not
__defined.eps>
(epstopdf)             \includegraphics on input line 6.
Package epstopdf Info: Output file is already uptodate.
 <./classopenbu_1_1cell_1_1_passlist__not__defined-eps-converted-to.pdf>
<classopenbu_1_1cell_1_1_passlist__not__defined-eps-converted-to.pdf, id=1109, 
501.875pt x 297.41112pt>
File: classopenbu_1_1cell_1_1_passlist__not__defined-eps-converted-to.pdf Graph
ic file (type pdf)
<use classopenbu_1_1cell_1_1_passlist__not__defined-eps-converted-to.pdf>
Package pdftex.def Info: classopenbu_1_1cell_1_1_passlist__not__defined-eps-con
verted-to.pdf  used on input line 6.
(pdftex.def)             Requested size: 96.02348pt x 56.9055pt.
)
(./classopenbu_1_1passport_1_1_passport.tex
Package epstopdf Info: Source file: <classopenbu_1_1passport_1_1_passport.eps>
(epstopdf)                    date: 2019-08-20 12:22:11
(epstopdf)                    size: 3770 bytes
(epstopdf)             Output file: <classopenbu_1_1passport_1_1_passport-eps-c
onverted-to.pdf>
(epstopdf)                    date: 2019-08-20 12:26:18
(epstopdf)                    size: 4818 bytes
(epstopdf)             Command: <repstopdf --outfile=classopenbu_1_1passport_1_
1_passport-eps-converted-to.pdf classopenbu_1_1passport_1_1_passport.eps>
(epstopdf)             \includegraphics on input line 6.
Package epstopdf Info: Output file is already uptodate.
 <./classopenbu_1_1passport_1_1_passport-eps-converted-to.pdf>
<classopenbu_1_1passport_1_1_passport-eps-converted-to.pdf, id=1115, 501.875pt 
x 581.88394pt>
File: classopenbu_1_1passport_1_1_passport-eps-converted-to.pdf Graphic file (t
ype pdf)
<use classopenbu_1_1passport_1_1_passport-eps-converted-to.pdf>
Package pdftex.def Info: classopenbu_1_1passport_1_1_passport-eps-converted-to.
pdf  used on input line 6.
(pdftex.def)             Requested size: 49.08002pt x 56.9055pt.

Overfull \hbox (72.75623pt too wide) in paragraph at lines 17--17
[]\T1/pcr/m/n/8 passport stores all the relevant data of indivudual nuclides an
d offers methods to extract information on them 
 []

[24]
Overfull \hbox (187.9563pt too wide) in paragraph at lines 19--19
[]   \T1/pcr/m/n/8 The passport class is individually instantiated for each nuc
lide. It contains two types of information: constant and variable data.[] 
 []


Overfull \hbox (293.55637pt too wide) in paragraph at lines 20--20
[]   \T1/pcr/m/n/8 Constant data, such as the atomic mass, decay constant or th
e element's family (actinide, fission product) do not change over the course of
 a simulation.[] 
 []


Overfull \hbox (235.95633pt too wide) in paragraph at lines 21--21
[]   \T1/pcr/m/n/8 Variable data such as cross sections or fission yields do va
ry during a simulation and need thus to be updated regularly during a simulatio
n.[] 
 []


Overfull \hbox (202.35631pt too wide) in paragraph at lines 22--22
[]   \T1/pcr/m/n/8 Some of the data are created at the time of the instantiatio
n of the class for a nuclide such as the element's family or the nuclide's[] 
 []


Overfull \hbox (283.95636pt too wide) in paragraph at lines 23--23
[]   \T1/pcr/m/n/8 neutron reaction daughters. Other type of data, typically la
rge in size such as cross sections and decay constants, are to be explicitly se
t or loaded.[] 
 []


Overfull \hbox (293.55637pt too wide) in paragraph at lines 24--24
[]   \T1/pcr/m/n/8 A setter method will enable any script that reads the data s
ource to set this data for the passport of a specific nuclide. This is the meth
od used within[] 
 []


Overfull \hbox (283.95636pt too wide) in paragraph at lines 25--25
[]   \T1/pcr/m/n/8 the code of Open-Burnup to set the data for a list of passpo
rts. The other way to explicitly set the data is to use the loader method. This
 method will[] 
 []


Overfull \hbox (259.95634pt too wide) in paragraph at lines 26--26
[]   \T1/pcr/m/n/8 go to the data source itself, read the data and set it for t
he passport of a specific nuclide. This method is envision to be used by the us
er as a[] 
 []


Overfull \hbox (67.95622pt too wide) in paragraph at lines 41--41
[]       \T1/pcr/m/n/8 * **set_decay():** set the decay constants (both absolut
e values and percent fractions) of the nuclide[] 
 []


Overfull \hbox (77.55623pt too wide) in paragraph at lines 45--45
[]       \T1/pcr/m/n/8 * **load_decay():** load the decay constants (both absol
ute values and percent fractions) of the nuclide[] 
 []

[25]
LaTeX Font Info:    Font shape `T1/phv/bx/n' in size <8> not available
(Font)              Font shape `T1/phv/b/n' tried instead on input line 70.
LaTeX Font Info:    Font shape `T1/phv/b/n' will be
(Font)              scaled to size 7.19995pt on input line 70.
LaTeX Font Info:    Font shape `T1/pcr/bx/n' in size <8> not available
(Font)              Font shape `T1/pcr/b/n' tried instead on input line 70.
 [26] [27] [28] [29]) (./classopenbu_1_1sequence_1_1_sequence.tex
Package epstopdf Info: Source file: <classopenbu_1_1sequence_1_1_sequence.eps>
(epstopdf)                    date: 2019-08-20 12:22:11
(epstopdf)                    size: 3770 bytes
(epstopdf)             Output file: <classopenbu_1_1sequence_1_1_sequence-eps-c
onverted-to.pdf>
(epstopdf)                    date: 2019-08-20 12:26:18
(epstopdf)                    size: 4671 bytes
(epstopdf)             Command: <repstopdf --outfile=classopenbu_1_1sequence_1_
1_sequence-eps-converted-to.pdf classopenbu_1_1sequence_1_1_sequence.eps>
(epstopdf)             \includegraphics on input line 6.
Package epstopdf Info: Output file is already uptodate.
 <./classopenbu_1_1sequence_1_1_sequence-eps-converted-to.pdf>
<classopenbu_1_1sequence_1_1_sequence-eps-converted-to.pdf, id=1175, 501.875pt 
x 528.2937pt>
File: classopenbu_1_1sequence_1_1_sequence-eps-converted-to.pdf Graphic file (t
ype pdf)
<use classopenbu_1_1sequence_1_1_sequence-eps-converted-to.pdf>
Package pdftex.def Info: classopenbu_1_1sequence_1_1_sequence-eps-converted-to.
pdf  used on input line 6.
(pdftex.def)             Requested size: 54.05771pt x 56.9055pt.
 [30])
(./classopenbu_1_1standalone_1_1_stand__alone.tex
Package epstopdf Info: Source file: <classopenbu_1_1standalone_1_1_stand__alone
.eps>
(epstopdf)                    date: 2019-08-20 12:22:11
(epstopdf)                    size: 3776 bytes
(epstopdf)             Output file: <classopenbu_1_1standalone_1_1_stand__alone
-eps-converted-to.pdf>
(epstopdf)                    date: 2019-08-20 12:26:19
(epstopdf)                    size: 4825 bytes
(epstopdf)             Command: <repstopdf --outfile=classopenbu_1_1standalone_
1_1_stand__alone-eps-converted-to.pdf classopenbu_1_1standalone_1_1_stand__alon
e.eps>
(epstopdf)             \includegraphics on input line 6.
Package epstopdf Info: Output file is already uptodate.
 <./classopenbu_1_1standalone_1_1_stand__alone-eps-converted-to.pdf>
<classopenbu_1_1standalone_1_1_stand__alone-eps-converted-to.pdf, id=1192, 501.
875pt x 446.10666pt>
File: classopenbu_1_1standalone_1_1_stand__alone-eps-converted-to.pdf Graphic f
ile (type pdf)
<use classopenbu_1_1standalone_1_1_stand__alone-eps-converted-to.pdf>
Package pdftex.def Info: classopenbu_1_1standalone_1_1_stand__alone-eps-convert
ed-to.pdf  used on input line 6.
(pdftex.def)             Requested size: 64.01309pt x 56.9055pt.
)
(./classopenbu_1_1sequence_1_1_step__0.tex
Package epstopdf Info: Source file: <classopenbu_1_1sequence_1_1_step__0.eps>
(epstopdf)                    date: 2019-08-20 12:22:11
(epstopdf)                    size: 3772 bytes
(epstopdf)             Output file: <classopenbu_1_1sequence_1_1_step__0-eps-co
nverted-to.pdf>
(epstopdf)                    date: 2019-08-20 12:26:19
(epstopdf)                    size: 4914 bytes
(epstopdf)             Command: <repstopdf --outfile=classopenbu_1_1sequence_1_
1_step__0-eps-converted-to.pdf classopenbu_1_1sequence_1_1_step__0.eps>
(epstopdf)             \includegraphics on input line 6.
Package epstopdf Info: Output file is already uptodate.
 <./classopenbu_1_1sequence_1_1_step__0-eps-converted-to.pdf>
<classopenbu_1_1sequence_1_1_step__0-eps-converted-to.pdf, id=1198, 501.875pt x
 535.33pt>
File: classopenbu_1_1sequence_1_1_step__0-eps-converted-to.pdf Graphic file (ty
pe pdf)
<use classopenbu_1_1sequence_1_1_step__0-eps-converted-to.pdf>
Package pdftex.def Info: classopenbu_1_1sequence_1_1_step__0-eps-converted-to.p
df  used on input line 6.
(pdftex.def)             Requested size: 53.34552pt x 56.9055pt.
 [31])
(./classopenbu_1_1couple_1_1couple__openmc_1_1_s_t_o_p.tex
Package epstopdf Info: Source file: <classopenbu_1_1couple_1_1couple__openmc_1_
1_s_t_o_p.eps>
(epstopdf)                    date: 2019-08-20 12:22:11
(epstopdf)                    size: 3768 bytes
(epstopdf)             Output file: <classopenbu_1_1couple_1_1couple__openmc_1_
1_s_t_o_p-eps-converted-to.pdf>
(epstopdf)                    date: 2019-08-20 12:26:21
(epstopdf)                    size: 5061 bytes
(epstopdf)             Command: <repstopdf --outfile=classopenbu_1_1couple_1_1c
ouple__openmc_1_1_s_t_o_p-eps-converted-to.pdf classopenbu_1_1couple_1_1couple_
_openmc_1_1_s_t_o_p.eps>
(epstopdf)             \includegraphics on input line 6.
Package epstopdf Info: Output file is already uptodate.
 <./classopenbu_1_1couple_1_1couple__openmc_1_1_s_t_o_p-eps-converted-to.pdf>
<classopenbu_1_1couple_1_1couple__openmc_1_1_s_t_o_p-eps-converted-to.pdf, id=1
214, 501.875pt x 535.33pt>
File: classopenbu_1_1couple_1_1couple__openmc_1_1_s_t_o_p-eps-converted-to.pdf 
Graphic file (type pdf)
<use classopenbu_1_1couple_1_1couple__openmc_1_1_s_t_o_p-eps-converted-to.pdf>
Package pdftex.def Info: classopenbu_1_1couple_1_1couple__openmc_1_1_s_t_o_p-ep
s-converted-to.pdf  used on input line 6.
(pdftex.def)             Requested size: 53.34552pt x 56.9055pt.
)
(./classopenbu_1_1system_1_1_system.tex
Package epstopdf Info: Source file: <classopenbu_1_1system_1_1_system.eps>
(epstopdf)                    date: 2019-08-20 12:22:11
(epstopdf)                    size: 3766 bytes
(epstopdf)             Output file: <classopenbu_1_1system_1_1_system-eps-conve
rted-to.pdf>
(epstopdf)                    date: 2019-08-20 12:26:22
(epstopdf)                    size: 4787 bytes
(epstopdf)             Command: <repstopdf --outfile=classopenbu_1_1system_1_1_
system-eps-converted-to.pdf classopenbu_1_1system_1_1_system.eps>
(epstopdf)             \includegraphics on input line 6.
Package epstopdf Info: Output file is already uptodate.
 <./classopenbu_1_1system_1_1_system-eps-converted-to.pdf>
<classopenbu_1_1system_1_1_system-eps-converted-to.pdf, id=1220, 501.875pt x 66
9.17pt>
File: classopenbu_1_1system_1_1_system-eps-converted-to.pdf Graphic file (type 
pdf)
<use classopenbu_1_1system_1_1_system-eps-converted-to.pdf>
Package pdftex.def Info: classopenbu_1_1system_1_1_system-eps-converted-to.pdf 
 used on input line 6.
(pdftex.def)             Requested size: 42.67795pt x 56.9055pt.
 [32])
(./classopenbu_1_1utils_1_1reactions__class_1_1xs__lib.tex
Package epstopdf Info: Source file: <classopenbu_1_1utils_1_1reactions__class_1
_1xs__lib.eps>
(epstopdf)                    date: 2019-08-20 12:22:11
(epstopdf)                    size: 3766 bytes
(epstopdf)             Output file: <classopenbu_1_1utils_1_1reactions__class_1
_1xs__lib-eps-converted-to.pdf>
(epstopdf)                    date: 2019-08-20 12:26:22
(epstopdf)                    size: 4622 bytes
(epstopdf)             Command: <repstopdf --outfile=classopenbu_1_1utils_1_1re
actions__class_1_1xs__lib-eps-converted-to.pdf classopenbu_1_1utils_1_1reaction
s__class_1_1xs__lib.eps>
(epstopdf)             \includegraphics on input line 6.
Package epstopdf Info: Output file is already uptodate.
 <./classopenbu_1_1utils_1_1reactions__class_1_1xs__lib-eps-converted-to.pdf>
<classopenbu_1_1utils_1_1reactions__class_1_1xs__lib-eps-converted-to.pdf, id=1
233, 501.875pt x 743.51776pt>
File: classopenbu_1_1utils_1_1reactions__class_1_1xs__lib-eps-converted-to.pdf 
Graphic file (type pdf)
<use classopenbu_1_1utils_1_1reactions__class_1_1xs__lib-eps-converted-to.pdf>
Package pdftex.def Info: classopenbu_1_1utils_1_1reactions__class_1_1xs__lib-ep
s-converted-to.pdf  used on input line 6.
(pdftex.def)             Requested size: 38.40479pt x 56.9055pt.
)
(./classopenbu_1_1utils_1_1data__processor_1_1xs__name__not__found.tex
Package epstopdf Info: Source file: <classopenbu_1_1utils_1_1data__processor_1_
1xs__name__not__found.eps>
(epstopdf)                    date: 2019-08-20 12:22:11
(epstopdf)                    size: 3794 bytes
(epstopdf)             Output file: <classopenbu_1_1utils_1_1data__processor_1_
1xs__name__not__found-eps-converted-to.pdf>
(epstopdf)                    date: 2019-08-20 12:26:23
(epstopdf)                    size: 5382 bytes
(epstopdf)             Command: <repstopdf --outfile=classopenbu_1_1utils_1_1da
ta__processor_1_1xs__name__not__found-eps-converted-to.pdf classopenbu_1_1utils
_1_1data__processor_1_1xs__name__not__found.eps>
(epstopdf)             \includegraphics on input line 6.
Package epstopdf Info: Output file is already uptodate.
 <./classopenbu_1_1utils_1_1data__processor_1_1xs__name__not__found-eps-convert
ed-to.pdf>
<classopenbu_1_1utils_1_1data__processor_1_1xs__name__not__found-eps-converted-
to.pdf, id=1239, 501.875pt x 304.16637pt>
File: classopenbu_1_1utils_1_1data__processor_1_1xs__name__not__found-eps-conve
rted-to.pdf Graphic file (type pdf)
<use classopenbu_1_1utils_1_1data__processor_1_1xs__name__not__found-eps-conver
ted-to.pdf>
Package pdftex.def Info: classopenbu_1_1utils_1_1data__processor_1_1xs__name__n
ot__found-eps-converted-to.pdf  used on input line 6.
(pdftex.def)             Requested size: 93.89456pt x 56.9055pt.

Overfull \hbox (19.95619pt too wide) in paragraph at lines 12--12
[]\T1/pcr/m/n/8 Raise when the user tries to access fission XS for a nuclide wh
ich fission XS have not been set yet 
 []

) (./classopenbu_1_1passport_1_1_x_s__not__yet__set.tex
Package epstopdf Info: Source file: <classopenbu_1_1passport_1_1_x_s__not__yet_
_set.eps>
(epstopdf)                    date: 2019-08-20 12:22:11
(epstopdf)                    size: 3788 bytes
(epstopdf)             Output file: <classopenbu_1_1passport_1_1_x_s__not__yet_
_set-eps-converted-to.pdf>
(epstopdf)                    date: 2019-08-20 12:26:23
(epstopdf)                    size: 5201 bytes
(epstopdf)             Command: <repstopdf --outfile=classopenbu_1_1passport_1_
1_x_s__not__yet__set-eps-converted-to.pdf classopenbu_1_1passport_1_1_x_s__not_
_yet__set.eps>
(epstopdf)             \includegraphics on input line 6.
Package epstopdf Info: Output file is already uptodate.
 <./classopenbu_1_1passport_1_1_x_s__not__yet__set-eps-converted-to.pdf>
<classopenbu_1_1passport_1_1_x_s__not__yet__set-eps-converted-to.pdf, id=1245, 
501.875pt x 371.75888pt>
File: classopenbu_1_1passport_1_1_x_s__not__yet__set-eps-converted-to.pdf Graph
ic file (type pdf)
<use classopenbu_1_1passport_1_1_x_s__not__yet__set-eps-converted-to.pdf>
Package pdftex.def Info: classopenbu_1_1passport_1_1_x_s__not__yet__set-eps-con
verted-to.pdf  used on input line 6.
(pdftex.def)             Requested size: 76.81725pt x 56.9055pt.
 [33]) [34] (./refman.ind
[35



] [36])
Package atveryend Info: Empty hook `BeforeClearDocument' on input line 226.
Package atveryend Info: Empty hook `AfterLastShipout' on input line 226.
 (./refman.aux)
Package atveryend Info: Executing hook `AtVeryEndDocument' on input line 226.
Package atveryend Info: Executing hook `AtEndAfterFileList' on input line 226.
Package rerunfilecheck Info: File `refman.out' has not changed.
(rerunfilecheck)             Checksum: A40103CAF9DF4BED82A6E9926FCBC549;25670.
 ) 
Here is how much of TeX's memory you used:
 17095 strings out of 492616
 265067 string characters out of 6129482
 379141 words of memory out of 5000000
 20345 multiletter control sequences out of 15000+600000
 46733 words of font info for 61 fonts, out of 8000000 for 9000
 1141 hyphenation exceptions out of 8191
 53i,15n,92p,1426b,499s stack positions out of 5000i,500n,10000p,200000b,80000s
{/usr/local/texlive/2019/texmf-dist/fonts/enc/dvips/base/8r.enc}</usr/local/t
exlive/2019/texmf-dist/fonts/type1/urw/courier/ucrb8a.pfb></usr/local/texlive/2
019/texmf-dist/fonts/type1/urw/courier/ucrr8a.pfb></usr/local/texlive/2019/texm
f-dist/fonts/type1/urw/courier/ucrro8a.pfb></usr/local/texlive/2019/texmf-dist/
fonts/type1/urw/helvetic/uhvb8a.pfb></usr/local/texlive/2019/texmf-dist/fonts/t
ype1/urw/helvetic/uhvb8ac.pfb></usr/local/texlive/2019/texmf-dist/fonts/type1/u
rw/helvetic/uhvr8a.pfb>
Output written on refman.pdf (42 pages, 203350 bytes).
PDF statistics:
 1487 PDF objects out of 1728 (max. 8388607)
 1357 compressed objects within 14 object streams
 320 named destinations out of 1000 (max. 500000)
 1134 words of extra memory for PDF output out of 10000 (max. 10000000)

