\BOOKMARK [0][-]{chapter.1}{\376\377\0001\000\040\000N\000a\000m\000e\000s\000p\000a\000c\000e\000\040\000I\000n\000d\000e\000x}{}% 1
\BOOKMARK [1][-]{section.1.1}{\376\377\0001\000.\0001\000\040\000P\000a\000c\000k\000a\000g\000e\000s}{chapter.1}% 2
\BOOKMARK [0][-]{chapter.2}{\376\377\0002\000\040\000H\000i\000e\000r\000a\000r\000c\000h\000i\000c\000a\000l\000\040\000I\000n\000d\000e\000x}{}% 3
\BOOKMARK [1][-]{section.2.1}{\376\377\0002\000.\0001\000\040\000D\000e\000s\000i\000g\000n\000\040\000U\000n\000i\000t\000\040\000H\000i\000e\000r\000a\000r\000c\000h\000y}{chapter.2}% 4
\BOOKMARK [0][-]{chapter.3}{\376\377\0003\000\040\000D\000e\000s\000i\000g\000n\000\040\000U\000n\000i\000t\000\040\000I\000n\000d\000e\000x}{}% 5
\BOOKMARK [1][-]{section.3.1}{\376\377\0003\000.\0001\000\040\000D\000e\000s\000i\000g\000n\000\040\000U\000n\000i\000t\000\040\000L\000i\000s\000t}{chapter.3}% 6
\BOOKMARK [0][-]{chapter.4}{\376\377\0004\000\040\000N\000a\000m\000e\000s\000p\000a\000c\000e\000\040\000D\000o\000c\000u\000m\000e\000n\000t\000a\000t\000i\000o\000n}{}% 7
\BOOKMARK [1][-]{section.4.1}{\376\377\0004\000.\0001\000\040\000o\000p\000e\000n\000b\000u\000.\000p\000a\000s\000s\000l\000i\000s\000t\000\040\000N\000a\000m\000e\000s\000p\000a\000c\000e\000\040\000R\000e\000f\000e\000r\000e\000n\000c\000e}{chapter.4}% 8
\BOOKMARK [2][-]{subsection.4.1.1}{\376\377\0004\000.\0001\000.\0001\000\040\000D\000e\000t\000a\000i\000l\000e\000d\000\040\000D\000e\000s\000c\000r\000i\000p\000t\000i\000o\000n}{section.4.1}% 9
\BOOKMARK [1][-]{section.4.2}{\376\377\0004\000.\0002\000\040\000o\000p\000e\000n\000b\000u\000.\000p\000a\000s\000s\000p\000o\000r\000t\000\040\000N\000a\000m\000e\000s\000p\000a\000c\000e\000\040\000R\000e\000f\000e\000r\000e\000n\000c\000e}{chapter.4}% 10
\BOOKMARK [2][-]{subsection.4.2.1}{\376\377\0004\000.\0002\000.\0001\000\040\000D\000e\000t\000a\000i\000l\000e\000d\000\040\000D\000e\000s\000c\000r\000i\000p\000t\000i\000o\000n}{section.4.2}% 11
\BOOKMARK [1][-]{section.4.3}{\376\377\0004\000.\0003\000\040\000o\000p\000e\000n\000b\000u\000.\000s\000a\000l\000a\000m\000e\000c\000h\000e\000.\000c\000r\000a\000m\000\040\000N\000a\000m\000e\000s\000p\000a\000c\000e\000\040\000R\000e\000f\000e\000r\000e\000n\000c\000e}{chapter.4}% 12
\BOOKMARK [2][-]{subsection.4.3.1}{\376\377\0004\000.\0003\000.\0001\000\040\000D\000e\000t\000a\000i\000l\000e\000d\000\040\000D\000e\000s\000c\000r\000i\000p\000t\000i\000o\000n}{section.4.3}% 13
\BOOKMARK [2][-]{subsection.4.3.2}{\376\377\0004\000.\0003\000.\0002\000\040\000F\000u\000n\000c\000t\000i\000o\000n\000\040\000D\000o\000c\000u\000m\000e\000n\000t\000a\000t\000i\000o\000n}{section.4.3}% 14
\BOOKMARK [3][-]{subsubsection.4.3.2.1}{\376\377\0004\000.\0003\000.\0002\000.\0001\000\040\000C\000R\000A\000M\0001\0006\000\050\000\051}{subsection.4.3.2}% 15
\BOOKMARK [1][-]{section.4.4}{\376\377\0004\000.\0004\000\040\000o\000p\000e\000n\000b\000u\000.\000s\000a\000l\000a\000m\000e\000c\000h\000e\000.\000m\000a\000t\000\137\000b\000u\000i\000l\000d\000e\000r\000\040\000N\000a\000m\000e\000s\000p\000a\000c\000e\000\040\000R\000e\000f\000e\000r\000e\000n\000c\000e}{chapter.4}% 16
\BOOKMARK [2][-]{subsection.4.4.1}{\376\377\0004\000.\0004\000.\0001\000\040\000D\000e\000t\000a\000i\000l\000e\000d\000\040\000D\000e\000s\000c\000r\000i\000p\000t\000i\000o\000n}{section.4.4}% 17
\BOOKMARK [2][-]{subsection.4.4.2}{\376\377\0004\000.\0004\000.\0002\000\040\000F\000u\000n\000c\000t\000i\000o\000n\000\040\000D\000o\000c\000u\000m\000e\000n\000t\000a\000t\000i\000o\000n}{section.4.4}% 18
\BOOKMARK [3][-]{subsubsection.4.4.2.1}{\376\377\0004\000.\0004\000.\0002\000.\0001\000\040\000\137\000g\000e\000t\000\137\000d\000e\000c\000a\000y\000\137\000m\000a\000t\000\050\000\051}{subsection.4.4.2}% 19
\BOOKMARK [3][-]{subsubsection.4.4.2.2}{\376\377\0004\000.\0004\000.\0002\000.\0002\000\040\000\137\000g\000e\000t\000\137\000x\000s\000\137\000m\000a\000t\000\050\000\051}{subsection.4.4.2}% 20
\BOOKMARK [1][-]{section.4.5}{\376\377\0004\000.\0005\000\040\000o\000p\000e\000n\000b\000u\000.\000u\000t\000i\000l\000s\000.\000r\000e\000a\000c\000t\000i\000o\000n\000s\000\137\000c\000l\000a\000s\000s\000\040\000N\000a\000m\000e\000s\000p\000a\000c\000e\000\040\000R\000e\000f\000e\000r\000e\000n\000c\000e}{chapter.4}% 21
\BOOKMARK [2][-]{subsection.4.5.1}{\376\377\0004\000.\0005\000.\0001\000\040\000D\000e\000t\000a\000i\000l\000e\000d\000\040\000D\000e\000s\000c\000r\000i\000p\000t\000i\000o\000n}{section.4.5}% 22
\BOOKMARK [0][-]{chapter.5}{\376\377\0005\000\040\000C\000l\000a\000s\000s\000\040\000D\000o\000c\000u\000m\000e\000n\000t\000a\000t\000i\000o\000n}{}% 23
\BOOKMARK [1][-]{section.5.1}{\376\377\0005\000.\0001\000\040\000B\000a\000t\000c\000h\000\040\000C\000l\000a\000s\000s\000\040\000R\000e\000f\000e\000r\000e\000n\000c\000e}{chapter.5}% 24
\BOOKMARK [1][-]{section.5.2}{\376\377\0005\000.\0002\000\040\000C\000e\000l\000l\000\040\000C\000l\000a\000s\000s\000\040\000R\000e\000f\000e\000r\000e\000n\000c\000e}{chapter.5}% 25
\BOOKMARK [2][-]{subsection.5.2.1}{\376\377\0005\000.\0002\000.\0001\000\040\000M\000e\000m\000b\000e\000r\000\040\000F\000u\000n\000c\000t\000i\000o\000n\000\040\000D\000o\000c\000u\000m\000e\000n\000t\000a\000t\000i\000o\000n}{section.5.2}% 26
\BOOKMARK [3][-]{subsubsection.5.2.1.1}{\376\377\0005\000.\0002\000.\0001\000.\0001\000\040\000b\000u\000\137\000s\000e\000c\000\137\000c\000o\000n\000v\000\137\000f\000a\000c\000t\000o\000r\000\050\000\051}{subsection.5.2.1}% 27
\BOOKMARK [3][-]{subsubsection.5.2.1.2}{\376\377\0005\000.\0002\000.\0001\000.\0002\000\040\000i\000h\000m\000\050\000\051}{subsection.5.2.1}% 28
\BOOKMARK [1][-]{section.5.3}{\376\377\0005\000.\0003\000\040\000C\000e\000l\000l\000\137\000n\000a\000m\000e\000\137\000n\000o\000t\000\137\000f\000o\000u\000n\000d\000\040\000C\000l\000a\000s\000s\000\040\000R\000e\000f\000e\000r\000e\000n\000c\000e}{chapter.5}% 29
\BOOKMARK [1][-]{section.5.4}{\376\377\0005\000.\0004\000\040\000C\000o\000u\000p\000l\000e\000\137\000o\000p\000e\000n\000m\000c\000\040\000C\000l\000a\000s\000s\000\040\000R\000e\000f\000e\000r\000e\000n\000c\000e}{chapter.5}% 30
\BOOKMARK [2][-]{subsection.5.4.1}{\376\377\0005\000.\0004\000.\0001\000\040\000M\000e\000m\000b\000e\000r\000\040\000D\000a\000t\000a\000\040\000D\000o\000c\000u\000m\000e\000n\000t\000a\000t\000i\000o\000n}{section.5.4}% 31
\BOOKMARK [3][-]{subsubsection.5.4.1.1}{\376\377\0005\000.\0004\000.\0001\000.\0001\000\040\000\137\000i\000n\000i\000t\000i\000a\000l\000\137\000s\000u\000m\000m\000a\000r\000y}{subsection.5.4.1}% 32
\BOOKMARK [3][-]{subsubsection.5.4.1.2}{\376\377\0005\000.\0004\000.\0001\000.\0002\000\040\000\137\000u\000p\000d\000a\000t\000e\000d\000\137\000s\000u\000m\000m\000a\000r\000y}{subsection.5.4.1}% 33
\BOOKMARK [1][-]{section.5.5}{\376\377\0005\000.\0005\000\040\000d\000e\000c\000a\000y\000\137\000l\000i\000b\000\040\000C\000l\000a\000s\000s\000\040\000R\000e\000f\000e\000r\000e\000n\000c\000e}{chapter.5}% 34
\BOOKMARK [1][-]{section.5.6}{\376\377\0005\000.\0006\000\040\000E\000m\000p\000t\000y\000\137\000a\000r\000g\000u\000m\000e\000n\000t\000\040\000C\000l\000a\000s\000s\000\040\000R\000e\000f\000e\000r\000e\000n\000c\000e}{chapter.5}% 35
\BOOKMARK [2][-]{subsection.5.6.1}{\376\377\0005\000.\0006\000.\0001\000\040\000D\000e\000t\000a\000i\000l\000e\000d\000\040\000D\000e\000s\000c\000r\000i\000p\000t\000i\000o\000n}{section.5.6}% 36
\BOOKMARK [1][-]{section.5.7}{\376\377\0005\000.\0007\000\040\000E\000m\000p\000t\000y\000\137\000d\000a\000t\000a\000\040\000C\000l\000a\000s\000s\000\040\000R\000e\000f\000e\000r\000e\000n\000c\000e}{chapter.5}% 37
\BOOKMARK [2][-]{subsection.5.7.1}{\376\377\0005\000.\0007\000.\0001\000\040\000D\000e\000t\000a\000i\000l\000e\000d\000\040\000D\000e\000s\000c\000r\000i\000p\000t\000i\000o\000n}{section.5.7}% 38
\BOOKMARK [1][-]{section.5.8}{\376\377\0005\000.\0008\000\040\000f\000y\000\137\000l\000i\000b\000\040\000C\000l\000a\000s\000s\000\040\000R\000e\000f\000e\000r\000e\000n\000c\000e}{chapter.5}% 39
\BOOKMARK [1][-]{section.5.9}{\376\377\0005\000.\0009\000\040\000I\000n\000c\000o\000r\000r\000e\000c\000t\000\137\000n\000u\000c\000\137\000i\000d\000\040\000C\000l\000a\000s\000s\000\040\000R\000e\000f\000e\000r\000e\000n\000c\000e}{chapter.5}% 40
\BOOKMARK [2][-]{subsection.5.9.1}{\376\377\0005\000.\0009\000.\0001\000\040\000D\000e\000t\000a\000i\000l\000e\000d\000\040\000D\000e\000s\000c\000r\000i\000p\000t\000i\000o\000n}{section.5.9}% 41
\BOOKMARK [1][-]{section.5.10}{\376\377\0005\000.\0001\0000\000\040\000I\000n\000i\000t\000i\000a\000l\000\137\000n\000u\000c\000l\000\137\000n\000o\000t\000\137\000i\000n\000\137\000N\000u\000c\000l\000\137\000s\000e\000t\000\040\000C\000l\000a\000s\000s\000\040\000R\000e\000f\000e\000r\000e\000n\000c\000e}{chapter.5}% 42
\BOOKMARK [2][-]{subsection.5.10.1}{\376\377\0005\000.\0001\0000\000.\0001\000\040\000D\000e\000t\000a\000i\000l\000e\000d\000\040\000D\000e\000s\000c\000r\000i\000p\000t\000i\000o\000n}{section.5.10}% 43
\BOOKMARK [1][-]{section.5.11}{\376\377\0005\000.\0001\0001\000\040\000I\000n\000i\000t\000i\000a\000l\000\137\000n\000u\000c\000l\000\137\000n\000o\000t\000\137\000s\000e\000t\000\040\000C\000l\000a\000s\000s\000\040\000R\000e\000f\000e\000r\000e\000n\000c\000e}{chapter.5}% 44
\BOOKMARK [2][-]{subsection.5.11.1}{\376\377\0005\000.\0001\0001\000.\0001\000\040\000D\000e\000t\000a\000i\000l\000e\000d\000\040\000D\000e\000s\000c\000r\000i\000p\000t\000i\000o\000n}{section.5.11}% 45
\BOOKMARK [1][-]{section.5.12}{\376\377\0005\000.\0001\0002\000\040\000I\000n\000i\000t\000i\000a\000l\000\137\000n\000u\000c\000l\000i\000d\000e\000s\000\137\000n\000o\000t\000\137\000i\000n\000\137\000n\000u\000c\000l\000i\000d\000e\000\137\000l\000i\000s\000t\000\040\000C\000l\000a\000s\000s\000\040\000R\000e\000f\000e\000r\000e\000n\000c\000e}{chapter.5}% 46
\BOOKMARK [2][-]{subsection.5.12.1}{\376\377\0005\000.\0001\0002\000.\0001\000\040\000D\000e\000t\000a\000i\000l\000e\000d\000\040\000D\000e\000s\000c\000r\000i\000p\000t\000i\000o\000n}{section.5.12}% 47
\BOOKMARK [1][-]{section.5.13}{\376\377\0005\000.\0001\0003\000\040\000I\000n\000p\000u\000t\000\040\000C\000l\000a\000s\000s\000\040\000R\000e\000f\000e\000r\000e\000n\000c\000e}{chapter.5}% 48
\BOOKMARK [2][-]{subsection.5.13.1}{\376\377\0005\000.\0001\0003\000.\0001\000\040\000D\000e\000t\000a\000i\000l\000e\000d\000\040\000D\000e\000s\000c\000r\000i\000p\000t\000i\000o\000n}{section.5.13}% 49
\BOOKMARK [2][-]{subsection.5.13.2}{\376\377\0005\000.\0001\0003\000.\0002\000\040\000M\000e\000m\000b\000e\000r\000\040\000F\000u\000n\000c\000t\000i\000o\000n\000\040\000D\000o\000c\000u\000m\000e\000n\000t\000a\000t\000i\000o\000n}{section.5.13}% 50
\BOOKMARK [3][-]{subsubsection.5.13.2.1}{\376\377\0005\000.\0001\0003\000.\0002\000.\0001\000\040\000c\000e\000l\000l\000\137\000i\000d\000\137\000l\000i\000s\000t\000\050\000\051}{subsection.5.13.2}% 51
\BOOKMARK [3][-]{subsubsection.5.13.2.2}{\376\377\0005\000.\0001\0003\000.\0002\000.\0002\000\040\000c\000e\000l\000l\000s\000\050\000\051}{subsection.5.13.2}% 52
\BOOKMARK [3][-]{subsubsection.5.13.2.3}{\376\377\0005\000.\0001\0003\000.\0002\000.\0003\000\040\000l\000i\000b\000\050\000\051}{subsection.5.13.2}% 53
\BOOKMARK [3][-]{subsubsection.5.13.2.4}{\376\377\0005\000.\0001\0003\000.\0002\000.\0004\000\040\000m\000o\000d\000e\000\050\000\051}{subsection.5.13.2}% 54
\BOOKMARK [1][-]{section.5.14}{\376\377\0005\000.\0001\0004\000\040\000M\000i\000d\000p\000o\000i\000n\000t\000N\000o\000r\000m\000a\000l\000i\000z\000e\000\040\000C\000l\000a\000s\000s\000\040\000R\000e\000f\000e\000r\000e\000n\000c\000e}{chapter.5}% 55
\BOOKMARK [2][-]{subsection.5.14.1}{\376\377\0005\000.\0001\0004\000.\0001\000\040\000D\000e\000t\000a\000i\000l\000e\000d\000\040\000D\000e\000s\000c\000r\000i\000p\000t\000i\000o\000n}{section.5.14}% 56
\BOOKMARK [1][-]{section.5.15}{\376\377\0005\000.\0001\0005\000\040\000N\000e\000g\000\137\000d\000e\000c\000a\000y\000\040\000C\000l\000a\000s\000s\000\040\000R\000e\000f\000e\000r\000e\000n\000c\000e}{chapter.5}% 57
\BOOKMARK [2][-]{subsection.5.15.1}{\376\377\0005\000.\0001\0005\000.\0001\000\040\000D\000e\000t\000a\000i\000l\000e\000d\000\040\000D\000e\000s\000c\000r\000i\000p\000t\000i\000o\000n}{section.5.15}% 58
\BOOKMARK [1][-]{section.5.16}{\376\377\0005\000.\0001\0006\000\040\000N\000e\000g\000\137\000x\000s\000\040\000C\000l\000a\000s\000s\000\040\000R\000e\000f\000e\000r\000e\000n\000c\000e}{chapter.5}% 59
\BOOKMARK [2][-]{subsection.5.16.1}{\376\377\0005\000.\0001\0006\000.\0001\000\040\000D\000e\000t\000a\000i\000l\000e\000d\000\040\000D\000e\000s\000c\000r\000i\000p\000t\000i\000o\000n}{section.5.16}% 60
\BOOKMARK [1][-]{section.5.17}{\376\377\0005\000.\0001\0007\000\040\000N\000o\000\137\000f\000i\000s\000s\000i\000o\000n\000\137\000X\000S\000\040\000C\000l\000a\000s\000s\000\040\000R\000e\000f\000e\000r\000e\000n\000c\000e}{chapter.5}% 61
\BOOKMARK [2][-]{subsection.5.17.1}{\376\377\0005\000.\0001\0007\000.\0001\000\040\000D\000e\000t\000a\000i\000l\000e\000d\000\040\000D\000e\000s\000c\000r\000i\000p\000t\000i\000o\000n}{section.5.17}% 62
\BOOKMARK [1][-]{section.5.18}{\376\377\0005\000.\0001\0008\000\040\000N\000o\000t\000\137\000a\000\137\000F\000i\000s\000s\000i\000o\000n\000\137\000P\000r\000o\000d\000u\000c\000t\000\040\000C\000l\000a\000s\000s\000\040\000R\000e\000f\000e\000r\000e\000n\000c\000e}{chapter.5}% 63
\BOOKMARK [2][-]{subsection.5.18.1}{\376\377\0005\000.\0001\0008\000.\0001\000\040\000D\000e\000t\000a\000i\000l\000e\000d\000\040\000D\000e\000s\000c\000r\000i\000p\000t\000i\000o\000n}{section.5.18}% 64
\BOOKMARK [1][-]{section.5.19}{\376\377\0005\000.\0001\0009\000\040\000N\000u\000c\000\137\000x\000s\000\137\000n\000o\000t\000\137\000f\000o\000u\000n\000d\000\040\000C\000l\000a\000s\000s\000\040\000R\000e\000f\000e\000r\000e\000n\000c\000e}{chapter.5}% 65
\BOOKMARK [2][-]{subsection.5.19.1}{\376\377\0005\000.\0001\0009\000.\0001\000\040\000D\000e\000t\000a\000i\000l\000e\000d\000\040\000D\000e\000s\000c\000r\000i\000p\000t\000i\000o\000n}{section.5.19}% 66
\BOOKMARK [1][-]{section.5.20}{\376\377\0005\000.\0002\0000\000\040\000N\000u\000c\000\137\000x\000s\000\137\000n\000o\000t\000\137\000f\000o\000u\000n\000d\000\040\000C\000l\000a\000s\000s\000\040\000R\000e\000f\000e\000r\000e\000n\000c\000e}{chapter.5}% 67
\BOOKMARK [2][-]{subsection.5.20.1}{\376\377\0005\000.\0002\0000\000.\0001\000\040\000D\000e\000t\000a\000i\000l\000e\000d\000\040\000D\000e\000s\000c\000r\000i\000p\000t\000i\000o\000n}{section.5.20}% 68
\BOOKMARK [1][-]{section.5.21}{\376\377\0005\000.\0002\0001\000\040\000N\000u\000c\000l\000\137\000s\000e\000t\000\137\000n\000o\000t\000\137\000i\000n\000\137\000L\000i\000b\000\137\000n\000u\000c\000l\000\040\000C\000l\000a\000s\000s\000\040\000R\000e\000f\000e\000r\000e\000n\000c\000e}{chapter.5}% 69
\BOOKMARK [2][-]{subsection.5.21.1}{\376\377\0005\000.\0002\0001\000.\0001\000\040\000D\000e\000t\000a\000i\000l\000e\000d\000\040\000D\000e\000s\000c\000r\000i\000p\000t\000i\000o\000n}{section.5.21}% 70
\BOOKMARK [1][-]{section.5.22}{\376\377\0005\000.\0002\0002\000\040\000N\000u\000c\000l\000i\000d\000e\000\137\000l\000i\000s\000t\000\137\000r\000e\000d\000u\000n\000d\000a\000n\000t\000\040\000C\000l\000a\000s\000s\000\040\000R\000e\000f\000e\000r\000e\000n\000c\000e}{chapter.5}% 71
\BOOKMARK [1][-]{section.5.23}{\376\377\0005\000.\0002\0003\000\040\000P\000a\000s\000s\000l\000i\000s\000t\000\040\000C\000l\000a\000s\000s\000\040\000R\000e\000f\000e\000r\000e\000n\000c\000e}{chapter.5}% 72
\BOOKMARK [2][-]{subsection.5.23.1}{\376\377\0005\000.\0002\0003\000.\0001\000\040\000M\000e\000m\000b\000e\000r\000\040\000F\000u\000n\000c\000t\000i\000o\000n\000\040\000D\000o\000c\000u\000m\000e\000n\000t\000a\000t\000i\000o\000n}{section.5.23}% 73
\BOOKMARK [3][-]{subsubsection.5.23.1.1}{\376\377\0005\000.\0002\0003\000.\0001\000.\0001\000\040\000\137\000g\000e\000t\000\137\000n\000a\000m\000e\000\137\000p\000a\000s\000s\000p\000o\000r\000t\000\137\000d\000i\000c\000t\000\050\000\051}{subsection.5.23.1}% 74
\BOOKMARK [3][-]{subsubsection.5.23.1.2}{\376\377\0005\000.\0002\0003\000.\0001\000.\0002\000\040\000\137\000g\000e\000t\000\137\000z\000a\000m\000i\000d\000\137\000p\000a\000s\000s\000p\000o\000r\000t\000\137\000d\000i\000c\000t\000\050\000\051}{subsection.5.23.1}% 75
\BOOKMARK [3][-]{subsubsection.5.23.1.3}{\376\377\0005\000.\0002\0003\000.\0001\000.\0003\000\040\000\137\000o\000v\000e\000r\000w\000r\000i\000t\000e\000\137\000x\000s\000\050\000\051}{subsection.5.23.1}% 76
\BOOKMARK [3][-]{subsubsection.5.23.1.4}{\376\377\0005\000.\0002\0003\000.\0001\000.\0004\000\040\000\137\000s\000e\000t\000\137\000d\000e\000c\000a\000y\000\050\000\051}{subsection.5.23.1}% 77
\BOOKMARK [3][-]{subsubsection.5.23.1.5}{\376\377\0005\000.\0002\0003\000.\0001\000.\0005\000\040\000\137\000s\000e\000t\000\137\000f\000y\000\050\000\051}{subsection.5.23.1}% 78
\BOOKMARK [3][-]{subsubsection.5.23.1.6}{\376\377\0005\000.\0002\0003\000.\0001\000.\0006\000\040\000\137\000s\000e\000t\000\137\000m\000a\000s\000s\000\050\000\051}{subsection.5.23.1}% 79
\BOOKMARK [3][-]{subsubsection.5.23.1.7}{\376\377\0005\000.\0002\0003\000.\0001\000.\0007\000\040\000\137\000s\000e\000t\000\137\000x\000s\000\050\000\051}{subsection.5.23.1}% 80
\BOOKMARK [1][-]{section.5.24}{\376\377\0005\000.\0002\0004\000\040\000P\000a\000s\000s\000l\000i\000s\000t\000\137\000n\000o\000t\000\137\000d\000e\000f\000i\000n\000e\000d\000\040\000C\000l\000a\000s\000s\000\040\000R\000e\000f\000e\000r\000e\000n\000c\000e}{chapter.5}% 81
\BOOKMARK [2][-]{subsection.5.24.1}{\376\377\0005\000.\0002\0004\000.\0001\000\040\000D\000e\000t\000a\000i\000l\000e\000d\000\040\000D\000e\000s\000c\000r\000i\000p\000t\000i\000o\000n}{section.5.24}% 82
\BOOKMARK [1][-]{section.5.25}{\376\377\0005\000.\0002\0005\000\040\000P\000a\000s\000s\000p\000o\000r\000t\000\040\000C\000l\000a\000s\000s\000\040\000R\000e\000f\000e\000r\000e\000n\000c\000e}{chapter.5}% 83
\BOOKMARK [2][-]{subsection.5.25.1}{\376\377\0005\000.\0002\0005\000.\0001\000\040\000D\000e\000t\000a\000i\000l\000e\000d\000\040\000D\000e\000s\000c\000r\000i\000p\000t\000i\000o\000n}{section.5.25}% 84
\BOOKMARK [2][-]{subsection.5.25.2}{\376\377\0005\000.\0002\0005\000.\0002\000\040\000M\000e\000m\000b\000e\000r\000\040\000F\000u\000n\000c\000t\000i\000o\000n\000\040\000D\000o\000c\000u\000m\000e\000n\000t\000a\000t\000i\000o\000n}{section.5.25}% 85
\BOOKMARK [3][-]{subsubsection.5.25.2.1}{\376\377\0005\000.\0002\0005\000.\0002\000.\0001\000\040\000\137\000s\000e\000t\000\137\000i\000n\000i\000t\000i\000a\000l\000\137\000d\000e\000n\000s\000\050\000\051}{subsection.5.25.2}% 86
\BOOKMARK [3][-]{subsubsection.5.25.2.2}{\376\377\0005\000.\0002\0005\000.\0002\000.\0002\000\040\000\137\000s\000e\000t\000\137\000s\000t\000a\000t\000e\000\050\000\051}{subsection.5.25.2}% 87
\BOOKMARK [3][-]{subsubsection.5.25.2.3}{\376\377\0005\000.\0002\0005\000.\0002\000.\0003\000\040\000c\000u\000r\000r\000e\000n\000t\000\137\000d\000e\000n\000s\000\050\000\051\000\040\000[\0001\000/\0002\000]}{subsection.5.25.2}% 88
\BOOKMARK [3][-]{subsubsection.5.25.2.4}{\376\377\0005\000.\0002\0005\000.\0002\000.\0004\000\040\000c\000u\000r\000r\000e\000n\000t\000\137\000d\000e\000n\000s\000\050\000\051\000\040\000[\0002\000/\0002\000]}{subsection.5.25.2}% 89
\BOOKMARK [3][-]{subsubsection.5.25.2.5}{\376\377\0005\000.\0002\0005\000.\0002\000.\0005\000\040\000c\000u\000r\000r\000e\000n\000t\000\137\000x\000s\000\050\000\051}{subsection.5.25.2}% 90
\BOOKMARK [3][-]{subsubsection.5.25.2.6}{\376\377\0005\000.\0002\0005\000.\0002\000.\0006\000\040\000d\000e\000c\000a\000y\000\137\000a\000\050\000\051}{subsection.5.25.2}% 91
\BOOKMARK [3][-]{subsubsection.5.25.2.7}{\376\377\0005\000.\0002\0005\000.\0002\000.\0007\000\040\000d\000e\000c\000a\000y\000\137\000b\000\050\000\051}{subsection.5.25.2}% 92
\BOOKMARK [3][-]{subsubsection.5.25.2.8}{\376\377\0005\000.\0002\0005\000.\0002\000.\0008\000\040\000d\000e\000c\000a\000y\000\137\000c\000h\000i\000l\000d\000\050\000\051}{subsection.5.25.2}% 93
\BOOKMARK [3][-]{subsubsection.5.25.2.9}{\376\377\0005\000.\0002\0005\000.\0002\000.\0009\000\040\000d\000e\000c\000a\000y\000\137\000p\000a\000r\000e\000n\000t\000\050\000\051}{subsection.5.25.2}% 94
\BOOKMARK [3][-]{subsubsection.5.25.2.10}{\376\377\0005\000.\0002\0005\000.\0002\000.\0001\0000\000\040\000f\000y\000\050\000\051}{subsection.5.25.2}% 95
\BOOKMARK [3][-]{subsubsection.5.25.2.11}{\376\377\0005\000.\0002\0005\000.\0002\000.\0001\0001\000\040\000g\000e\000t\000\137\000a\000\050\000\051}{subsection.5.25.2}% 96
\BOOKMARK [3][-]{subsubsection.5.25.2.12}{\376\377\0005\000.\0002\0005\000.\0002\000.\0001\0002\000\040\000g\000e\000t\000\137\000z\000\050\000\051}{subsection.5.25.2}% 97
\BOOKMARK [3][-]{subsubsection.5.25.2.13}{\376\377\0005\000.\0002\0005\000.\0002\000.\0001\0003\000\040\000l\000o\000a\000d\000\137\000d\000e\000c\000a\000y\000\050\000\051}{subsection.5.25.2}% 98
\BOOKMARK [3][-]{subsubsection.5.25.2.14}{\376\377\0005\000.\0002\0005\000.\0002\000.\0001\0004\000\040\000l\000o\000a\000d\000\137\000f\000y\000\050\000\051}{subsection.5.25.2}% 99
\BOOKMARK [3][-]{subsubsection.5.25.2.15}{\376\377\0005\000.\0002\0005\000.\0002\000.\0001\0005\000\040\000l\000o\000a\000d\000\137\000m\000a\000s\000s\000\050\000\051}{subsection.5.25.2}% 100
\BOOKMARK [3][-]{subsubsection.5.25.2.16}{\376\377\0005\000.\0002\0005\000.\0002\000.\0001\0006\000\040\000l\000o\000a\000d\000\137\000x\000s\000\050\000\051}{subsection.5.25.2}% 101
\BOOKMARK [3][-]{subsubsection.5.25.2.17}{\376\377\0005\000.\0002\0005\000.\0002\000.\0001\0007\000\040\000m\000a\000s\000s\000\050\000\051}{subsection.5.25.2}% 102
\BOOKMARK [3][-]{subsubsection.5.25.2.18}{\376\377\0005\000.\0002\0005\000.\0002\000.\0001\0008\000\040\000s\000e\000t\000\137\000d\000e\000c\000a\000y\000\050\000\051}{subsection.5.25.2}% 103
\BOOKMARK [3][-]{subsubsection.5.25.2.19}{\376\377\0005\000.\0002\0005\000.\0002\000.\0001\0009\000\040\000x\000s\000\137\000c\000h\000i\000l\000d\000\050\000\051}{subsection.5.25.2}% 104
\BOOKMARK [3][-]{subsubsection.5.25.2.20}{\376\377\0005\000.\0002\0005\000.\0002\000.\0002\0000\000\040\000x\000s\000\137\000p\000a\000r\000e\000n\000t\000\050\000\051}{subsection.5.25.2}% 105
\BOOKMARK [1][-]{section.5.26}{\376\377\0005\000.\0002\0006\000\040\000S\000e\000q\000u\000e\000n\000c\000e\000\040\000C\000l\000a\000s\000s\000\040\000R\000e\000f\000e\000r\000e\000n\000c\000e}{chapter.5}% 106
\BOOKMARK [2][-]{subsection.5.26.1}{\376\377\0005\000.\0002\0006\000.\0001\000\040\000M\000e\000m\000b\000e\000r\000\040\000F\000u\000n\000c\000t\000i\000o\000n\000\040\000D\000o\000c\000u\000m\000e\000n\000t\000a\000t\000i\000o\000n}{section.5.26}% 107
\BOOKMARK [3][-]{subsubsection.5.26.1.1}{\376\377\0005\000.\0002\0006\000.\0001\000.\0001\000\040\000\137\000s\000e\000t\000\137\000i\000n\000i\000t\000i\000a\000l\000\137\000f\000l\000u\000x\000\050\000\051}{subsection.5.26.1}% 108
\BOOKMARK [3][-]{subsubsection.5.26.1.2}{\376\377\0005\000.\0002\0006\000.\0001\000.\0002\000\040\000\137\000s\000e\000t\000\137\000i\000n\000i\000t\000i\000a\000l\000\137\000p\000o\000w\000\137\000d\000e\000n\000s\000\050\000\051}{subsection.5.26.1}% 109
\BOOKMARK [1][-]{section.5.27}{\376\377\0005\000.\0002\0007\000\040\000S\000t\000a\000n\000d\000\137\000a\000l\000o\000n\000e\000\040\000C\000l\000a\000s\000s\000\040\000R\000e\000f\000e\000r\000e\000n\000c\000e}{chapter.5}% 110
\BOOKMARK [1][-]{section.5.28}{\376\377\0005\000.\0002\0008\000\040\000S\000t\000e\000p\000\137\0000\000\040\000C\000l\000a\000s\000s\000\040\000R\000e\000f\000e\000r\000e\000n\000c\000e}{chapter.5}% 111
\BOOKMARK [2][-]{subsection.5.28.1}{\376\377\0005\000.\0002\0008\000.\0001\000\040\000D\000e\000t\000a\000i\000l\000e\000d\000\040\000D\000e\000s\000c\000r\000i\000p\000t\000i\000o\000n}{section.5.28}% 112
\BOOKMARK [1][-]{section.5.29}{\376\377\0005\000.\0002\0009\000\040\000S\000T\000O\000P\000\040\000C\000l\000a\000s\000s\000\040\000R\000e\000f\000e\000r\000e\000n\000c\000e}{chapter.5}% 113
\BOOKMARK [2][-]{subsection.5.29.1}{\376\377\0005\000.\0002\0009\000.\0001\000\040\000D\000e\000t\000a\000i\000l\000e\000d\000\040\000D\000e\000s\000c\000r\000i\000p\000t\000i\000o\000n}{section.5.29}% 114
\BOOKMARK [1][-]{section.5.30}{\376\377\0005\000.\0003\0000\000\040\000S\000y\000s\000t\000e\000m\000\040\000C\000l\000a\000s\000s\000\040\000R\000e\000f\000e\000r\000e\000n\000c\000e}{chapter.5}% 115
\BOOKMARK [1][-]{section.5.31}{\376\377\0005\000.\0003\0001\000\040\000x\000s\000\137\000l\000i\000b\000\040\000C\000l\000a\000s\000s\000\040\000R\000e\000f\000e\000r\000e\000n\000c\000e}{chapter.5}% 116
\BOOKMARK [1][-]{section.5.32}{\376\377\0005\000.\0003\0002\000\040\000x\000s\000\137\000n\000a\000m\000e\000\137\000n\000o\000t\000\137\000f\000o\000u\000n\000d\000\040\000C\000l\000a\000s\000s\000\040\000R\000e\000f\000e\000r\000e\000n\000c\000e}{chapter.5}% 117
\BOOKMARK [2][-]{subsection.5.32.1}{\376\377\0005\000.\0003\0002\000.\0001\000\040\000D\000e\000t\000a\000i\000l\000e\000d\000\040\000D\000e\000s\000c\000r\000i\000p\000t\000i\000o\000n}{section.5.32}% 118
\BOOKMARK [1][-]{section.5.33}{\376\377\0005\000.\0003\0003\000\040\000X\000S\000\137\000n\000o\000t\000\137\000y\000e\000t\000\137\000s\000e\000t\000\040\000C\000l\000a\000s\000s\000\040\000R\000e\000f\000e\000r\000e\000n\000c\000e}{chapter.5}% 119
\BOOKMARK [2][-]{subsection.5.33.1}{\376\377\0005\000.\0003\0003\000.\0001\000\040\000D\000e\000t\000a\000i\000l\000e\000d\000\040\000D\000e\000s\000c\000r\000i\000p\000t\000i\000o\000n}{section.5.33}% 120
\BOOKMARK [0][-]{section*.84}{\376\377\000I\000n\000d\000e\000x}{}% 121
